[2022-01-07T00:51:57.469+0900][gc] Using G1
[2022-01-07T00:51:57.475+0900][gc,init] Version: 17.0.1+1 (release)
[2022-01-07T00:51:57.475+0900][gc,init] CPUs: 8 total, 8 available
[2022-01-07T00:51:57.475+0900][gc,init] Memory: 32768M
[2022-01-07T00:51:57.475+0900][gc,init] Large Page Support: Disabled
[2022-01-07T00:51:57.475+0900][gc,init] NUMA Support: Disabled
[2022-01-07T00:51:57.475+0900][gc,init] Compressed Oops: Enabled (Zero based)
[2022-01-07T00:51:57.475+0900][gc,init] Heap Region Size: 1M
[2022-01-07T00:51:57.475+0900][gc,init] Heap Min Capacity: 1G
[2022-01-07T00:51:57.475+0900][gc,init] Heap Initial Capacity: 1G
[2022-01-07T00:51:57.475+0900][gc,init] Heap Max Capacity: 1G
[2022-01-07T00:51:57.476+0900][gc,init] Pre-touch: Disabled
[2022-01-07T00:51:57.476+0900][gc,init] Parallel Workers: 8
[2022-01-07T00:51:57.476+0900][gc,init] Concurrent Workers: 2
[2022-01-07T00:51:57.476+0900][gc,init] Concurrent Refinement Workers: 8
[2022-01-07T00:51:57.476+0900][gc,init] Periodic GC: Disabled
[2022-01-07T00:51:57.476+0900][gc,metaspace] CDS archive(s) mapped at: [0x0000000800000000-0x0000000800bd0000-0x0000000800bd0000), size 12386304, SharedBaseAddress: 0x0000000800000000, ArchiveRelocationMode: 0.
[2022-01-07T00:51:57.476+0900][gc,metaspace] Compressed class space mapped at: 0x0000000800c00000-0x0000000840c00000, reserved size: 1073741824
[2022-01-07T00:51:57.476+0900][gc,metaspace] Narrow klass base: 0x0000000800000000, Narrow klass shift: 0, Narrow klass range: 0x100000000
[2022-01-07T00:51:58.935+0900][gc,start    ] GC(0) Pause Young (Normal) (G1 Evacuation Pause)
[2022-01-07T00:51:58.936+0900][gc,task     ] GC(0) Using 8 workers of 8 for evacuation
[2022-01-07T00:51:58.940+0900][gc,phases   ] GC(0)   Pre Evacuate Collection Set: 0.1ms
[2022-01-07T00:51:58.940+0900][gc,phases   ] GC(0)   Merge Heap Roots: 0.1ms
[2022-01-07T00:51:58.940+0900][gc,phases   ] GC(0)   Evacuate Collection Set: 3.3ms
[2022-01-07T00:51:58.940+0900][gc,phases   ] GC(0)   Post Evacuate Collection Set: 0.6ms
[2022-01-07T00:51:58.940+0900][gc,phases   ] GC(0)   Other: 0.7ms
[2022-01-07T00:51:58.940+0900][gc,heap     ] GC(0) Eden regions: 51->0(44)
[2022-01-07T00:51:58.940+0900][gc,heap     ] GC(0) Survivor regions: 0->7(7)
[2022-01-07T00:51:58.940+0900][gc,heap     ] GC(0) Old regions: 0->1
[2022-01-07T00:51:58.940+0900][gc,heap     ] GC(0) Archive regions: 2->2
[2022-01-07T00:51:58.940+0900][gc,heap     ] GC(0) Humongous regions: 0->0
[2022-01-07T00:51:58.940+0900][gc,metaspace] GC(0) Metaspace: 18524K(18688K)->18524K(18688K) NonClass: 16300K(16384K)->16300K(16384K) Class: 2224K(2304K)->2224K(2304K)
[2022-01-07T00:51:58.940+0900][gc          ] GC(0) Pause Young (Normal) (G1 Evacuation Pause) 51M->7M(1024M) 5.010ms
[2022-01-07T00:51:58.940+0900][gc,cpu      ] GC(0) User=0.01s Sys=0.01s Real=0.01s
[2022-01-07T00:51:59.126+0900][gc,start    ] GC(1) Pause Young (Concurrent Start) (Metadata GC Threshold)
[2022-01-07T00:51:59.126+0900][gc,task     ] GC(1) Using 8 workers of 8 for evacuation
[2022-01-07T00:51:59.132+0900][gc,phases   ] GC(1)   Pre Evacuate Collection Set: 0.1ms
[2022-01-07T00:51:59.132+0900][gc,phases   ] GC(1)   Merge Heap Roots: 0.0ms
[2022-01-07T00:51:59.132+0900][gc,phases   ] GC(1)   Evacuate Collection Set: 4.9ms
[2022-01-07T00:51:59.132+0900][gc,phases   ] GC(1)   Post Evacuate Collection Set: 0.4ms
[2022-01-07T00:51:59.132+0900][gc,phases   ] GC(1)   Other: 0.2ms
[2022-01-07T00:51:59.132+0900][gc,heap     ] GC(1) Eden regions: 11->0(49)
[2022-01-07T00:51:59.132+0900][gc,heap     ] GC(1) Survivor regions: 7->2(7)
[2022-01-07T00:51:59.132+0900][gc,heap     ] GC(1) Old regions: 1->7
[2022-01-07T00:51:59.132+0900][gc,heap     ] GC(1) Archive regions: 2->2
[2022-01-07T00:51:59.132+0900][gc,heap     ] GC(1) Humongous regions: 0->0
[2022-01-07T00:51:59.132+0900][gc,metaspace] GC(1) Metaspace: 21310K(21504K)->21310K(21504K) NonClass: 18714K(18816K)->18714K(18816K) Class: 2596K(2688K)->2596K(2688K)
[2022-01-07T00:51:59.132+0900][gc          ] GC(1) Pause Young (Concurrent Start) (Metadata GC Threshold) 18M->9M(1024M) 5.803ms
[2022-01-07T00:51:59.132+0900][gc,cpu      ] GC(1) User=0.02s Sys=0.01s Real=0.01s
[2022-01-07T00:51:59.132+0900][gc          ] GC(2) Concurrent Mark Cycle
[2022-01-07T00:51:59.132+0900][gc,marking  ] GC(2) Concurrent Clear Claimed Marks
[2022-01-07T00:51:59.132+0900][gc,marking  ] GC(2) Concurrent Clear Claimed Marks 0.014ms
[2022-01-07T00:51:59.132+0900][gc,marking  ] GC(2) Concurrent Scan Root Regions
[2022-01-07T00:51:59.134+0900][gc,marking  ] GC(2) Concurrent Scan Root Regions 1.930ms
[2022-01-07T00:51:59.134+0900][gc,marking  ] GC(2) Concurrent Mark
[2022-01-07T00:51:59.134+0900][gc,marking  ] GC(2) Concurrent Mark From Roots
[2022-01-07T00:51:59.134+0900][gc,task     ] GC(2) Using 2 workers of 2 for marking
[2022-01-07T00:51:59.135+0900][gc,marking  ] GC(2) Concurrent Mark From Roots 0.985ms
[2022-01-07T00:51:59.135+0900][gc,marking  ] GC(2) Concurrent Preclean
[2022-01-07T00:51:59.135+0900][gc,marking  ] GC(2) Concurrent Preclean 0.032ms
[2022-01-07T00:51:59.135+0900][gc,start    ] GC(2) Pause Remark
[2022-01-07T00:51:59.137+0900][gc          ] GC(2) Pause Remark 9M->9M(1024M) 1.338ms
[2022-01-07T00:51:59.137+0900][gc,cpu      ] GC(2) User=0.00s Sys=0.00s Real=0.00s
[2022-01-07T00:51:59.137+0900][gc,marking  ] GC(2) Concurrent Mark 2.627ms
[2022-01-07T00:51:59.137+0900][gc,marking  ] GC(2) Concurrent Rebuild Remembered Sets
[2022-01-07T00:51:59.137+0900][gc,marking  ] GC(2) Concurrent Rebuild Remembered Sets 0.007ms
[2022-01-07T00:51:59.137+0900][gc,start    ] GC(2) Pause Cleanup
[2022-01-07T00:51:59.137+0900][gc          ] GC(2) Pause Cleanup 9M->9M(1024M) 0.025ms
[2022-01-07T00:51:59.137+0900][gc,cpu      ] GC(2) User=0.00s Sys=0.00s Real=0.00s
[2022-01-07T00:51:59.137+0900][gc,marking  ] GC(2) Concurrent Cleanup for Next Mark
[2022-01-07T00:51:59.141+0900][gc,marking  ] GC(2) Concurrent Cleanup for Next Mark 4.401ms
[2022-01-07T00:51:59.141+0900][gc          ] GC(2) Concurrent Mark Cycle 9.399ms
[2022-01-07T00:52:01.972+0900][gc,start    ] GC(3) Pause Young (Normal) (G1 Evacuation Pause)
[2022-01-07T00:52:01.972+0900][gc,task     ] GC(3) Using 8 workers of 8 for evacuation
[2022-01-07T00:52:01.975+0900][gc,phases   ] GC(3)   Pre Evacuate Collection Set: 0.1ms
[2022-01-07T00:52:01.975+0900][gc,phases   ] GC(3)   Merge Heap Roots: 0.0ms
[2022-01-07T00:52:01.975+0900][gc,phases   ] GC(3)   Evacuate Collection Set: 2.1ms
[2022-01-07T00:52:01.975+0900][gc,phases   ] GC(3)   Post Evacuate Collection Set: 0.4ms
[2022-01-07T00:52:01.975+0900][gc,phases   ] GC(3)   Other: 0.2ms
[2022-01-07T00:52:01.975+0900][gc,heap     ] GC(3) Eden regions: 49->0(46)
[2022-01-07T00:52:01.975+0900][gc,heap     ] GC(3) Survivor regions: 2->5(7)
[2022-01-07T00:52:01.975+0900][gc,heap     ] GC(3) Old regions: 7->7
[2022-01-07T00:52:01.975+0900][gc,heap     ] GC(3) Archive regions: 2->2
[2022-01-07T00:52:01.975+0900][gc,heap     ] GC(3) Humongous regions: 129->129
[2022-01-07T00:52:01.975+0900][gc,metaspace] GC(3) Metaspace: 29554K(29888K)->29554K(29888K) NonClass: 26165K(26368K)->26165K(26368K) Class: 3388K(3520K)->3388K(3520K)
[2022-01-07T00:52:01.975+0900][gc          ] GC(3) Pause Young (Normal) (G1 Evacuation Pause) 187M->141M(1024M) 2.882ms
[2022-01-07T00:52:01.975+0900][gc,cpu      ] GC(3) User=0.02s Sys=0.00s Real=0.00s
[2022-01-07T00:52:02.273+0900][gc,start    ] GC(4) Pause Young (Concurrent Start) (Metadata GC Threshold)
[2022-01-07T00:52:02.273+0900][gc,task     ] GC(4) Using 8 workers of 8 for evacuation
[2022-01-07T00:52:02.278+0900][gc,phases   ] GC(4)   Pre Evacuate Collection Set: 0.2ms
[2022-01-07T00:52:02.278+0900][gc,phases   ] GC(4)   Merge Heap Roots: 0.1ms
[2022-01-07T00:52:02.278+0900][gc,phases   ] GC(4)   Evacuate Collection Set: 3.4ms
[2022-01-07T00:52:02.278+0900][gc,phases   ] GC(4)   Post Evacuate Collection Set: 0.5ms
[2022-01-07T00:52:02.278+0900][gc,phases   ] GC(4)   Other: 0.2ms
[2022-01-07T00:52:02.278+0900][gc,heap     ] GC(4) Eden regions: 28->0(48)
[2022-01-07T00:52:02.278+0900][gc,heap     ] GC(4) Survivor regions: 5->3(7)
[2022-01-07T00:52:02.278+0900][gc,heap     ] GC(4) Old regions: 7->12
[2022-01-07T00:52:02.278+0900][gc,heap     ] GC(4) Archive regions: 2->2
[2022-01-07T00:52:02.278+0900][gc,heap     ] GC(4) Humongous regions: 129->129
[2022-01-07T00:52:02.278+0900][gc,metaspace] GC(4) Metaspace: 35842K(36096K)->35842K(36096K) NonClass: 31727K(31872K)->31727K(31872K) Class: 4114K(4224K)->4114K(4224K)
[2022-01-07T00:52:02.278+0900][gc          ] GC(4) Pause Young (Concurrent Start) (Metadata GC Threshold) 168M->143M(1024M) 4.501ms
[2022-01-07T00:52:02.278+0900][gc,cpu      ] GC(4) User=0.03s Sys=0.00s Real=0.00s
[2022-01-07T00:52:02.278+0900][gc          ] GC(5) Concurrent Mark Cycle
[2022-01-07T00:52:02.278+0900][gc,marking  ] GC(5) Concurrent Clear Claimed Marks
[2022-01-07T00:52:02.278+0900][gc,marking  ] GC(5) Concurrent Clear Claimed Marks 0.021ms
[2022-01-07T00:52:02.278+0900][gc,marking  ] GC(5) Concurrent Scan Root Regions
[2022-01-07T00:52:02.281+0900][gc,marking  ] GC(5) Concurrent Scan Root Regions 3.083ms
[2022-01-07T00:52:02.281+0900][gc,marking  ] GC(5) Concurrent Mark
[2022-01-07T00:52:02.281+0900][gc,marking  ] GC(5) Concurrent Mark From Roots
[2022-01-07T00:52:02.281+0900][gc,task     ] GC(5) Using 2 workers of 2 for marking
[2022-01-07T00:52:02.287+0900][gc,marking  ] GC(5) Concurrent Mark From Roots 5.765ms
[2022-01-07T00:52:02.305+0900][gc,marking  ] GC(5) Concurrent Preclean
[2022-01-07T00:52:02.305+0900][gc,marking  ] GC(5) Concurrent Preclean 0.087ms
[2022-01-07T00:52:02.305+0900][gc,start    ] GC(5) Pause Remark
[2022-01-07T00:52:02.307+0900][gc          ] GC(5) Pause Remark 145M->145M(1024M) 1.815ms
[2022-01-07T00:52:02.307+0900][gc,cpu      ] GC(5) User=0.01s Sys=0.01s Real=0.00s
[2022-01-07T00:52:02.307+0900][gc,marking  ] GC(5) Concurrent Mark 26.192ms
[2022-01-07T00:52:02.307+0900][gc,marking  ] GC(5) Concurrent Rebuild Remembered Sets
[2022-01-07T00:52:02.311+0900][gc,marking  ] GC(5) Concurrent Rebuild Remembered Sets 3.851ms
[2022-01-07T00:52:02.314+0900][gc,start    ] GC(5) Pause Cleanup
[2022-01-07T00:52:02.314+0900][gc          ] GC(5) Pause Cleanup 146M->146M(1024M) 0.195ms
[2022-01-07T00:52:02.314+0900][gc,cpu      ] GC(5) User=0.00s Sys=0.00s Real=0.00s
[2022-01-07T00:52:02.314+0900][gc,marking  ] GC(5) Concurrent Cleanup for Next Mark
[2022-01-07T00:52:02.319+0900][gc,marking  ] GC(5) Concurrent Cleanup for Next Mark 5.120ms
[2022-01-07T00:52:02.319+0900][gc          ] GC(5) Concurrent Mark Cycle 41.273ms
[2022-01-07T00:52:54.410+0900][gc,start    ] GC(6) Pause Young (Normal) (G1 Evacuation Pause)
[2022-01-07T00:52:54.411+0900][gc,task     ] GC(6) Using 8 workers of 8 for evacuation
[2022-01-07T00:52:54.421+0900][gc,phases   ] GC(6)   Pre Evacuate Collection Set: 0.2ms
[2022-01-07T00:52:54.421+0900][gc,phases   ] GC(6)   Merge Heap Roots: 0.2ms
[2022-01-07T00:52:54.421+0900][gc,phases   ] GC(6)   Evacuate Collection Set: 8.0ms
[2022-01-07T00:52:54.421+0900][gc,phases   ] GC(6)   Post Evacuate Collection Set: 1.1ms
[2022-01-07T00:52:54.422+0900][gc,phases   ] GC(6)   Other: 1.5ms
[2022-01-07T00:52:54.422+0900][gc,heap     ] GC(6) Eden regions: 48->0(44)
[2022-01-07T00:52:54.422+0900][gc,heap     ] GC(6) Survivor regions: 3->7(7)
[2022-01-07T00:52:54.422+0900][gc,heap     ] GC(6) Old regions: 12->12
[2022-01-07T00:52:54.422+0900][gc,heap     ] GC(6) Archive regions: 2->2
[2022-01-07T00:52:54.422+0900][gc,heap     ] GC(6) Humongous regions: 165->129
[2022-01-07T00:52:54.422+0900][gc,metaspace] GC(6) Metaspace: 40564K(41216K)->40564K(41216K) NonClass: 35679K(36032K)->35679K(36032K) Class: 4884K(5184K)->4884K(5184K)
[2022-01-07T00:52:54.422+0900][gc          ] GC(6) Pause Young (Normal) (G1 Evacuation Pause) 227M->147M(1024M) 11.833ms
[2022-01-07T00:52:54.422+0900][gc,cpu      ] GC(6) User=0.07s Sys=0.00s Real=0.01s
[2022-01-07T00:55:11.255+0900][gc,start    ] GC(7) Pause Young (Normal) (G1 Evacuation Pause)
[2022-01-07T00:55:11.256+0900][gc,task     ] GC(7) Using 8 workers of 8 for evacuation
[2022-01-07T00:55:11.265+0900][gc,phases   ] GC(7)   Pre Evacuate Collection Set: 0.4ms
[2022-01-07T00:55:11.265+0900][gc,phases   ] GC(7)   Merge Heap Roots: 0.2ms
[2022-01-07T00:55:11.265+0900][gc,phases   ] GC(7)   Evacuate Collection Set: 8.0ms
[2022-01-07T00:55:11.265+0900][gc,phases   ] GC(7)   Post Evacuate Collection Set: 0.7ms
[2022-01-07T00:55:11.266+0900][gc,phases   ] GC(7)   Other: 1.5ms
[2022-01-07T00:55:11.266+0900][gc,heap     ] GC(7) Eden regions: 44->0(48)
[2022-01-07T00:55:11.266+0900][gc,heap     ] GC(7) Survivor regions: 7->3(7)
[2022-01-07T00:55:11.266+0900][gc,heap     ] GC(7) Old regions: 12->16
[2022-01-07T00:55:11.266+0900][gc,heap     ] GC(7) Archive regions: 2->2
[2022-01-07T00:55:11.266+0900][gc,heap     ] GC(7) Humongous regions: 129->129
[2022-01-07T00:55:11.266+0900][gc,metaspace] GC(7) Metaspace: 40772K(41408K)->40772K(41408K) NonClass: 35873K(36224K)->35873K(36224K) Class: 4898K(5184K)->4898K(5184K)
[2022-01-07T00:55:11.266+0900][gc          ] GC(7) Pause Young (Normal) (G1 Evacuation Pause) 191M->148M(1024M) 11.158ms
[2022-01-07T00:55:11.266+0900][gc,cpu      ] GC(7) User=0.06s Sys=0.00s Real=0.01s
[2022-01-07T00:57:53.911+0900][gc,start    ] GC(8) Pause Young (Normal) (G1 Evacuation Pause)
[2022-01-07T00:57:53.912+0900][gc,task     ] GC(8) Using 8 workers of 8 for evacuation
[2022-01-07T00:57:53.919+0900][gc,phases   ] GC(8)   Pre Evacuate Collection Set: 0.3ms
[2022-01-07T00:57:53.919+0900][gc,phases   ] GC(8)   Merge Heap Roots: 0.1ms
[2022-01-07T00:57:53.919+0900][gc,phases   ] GC(8)   Evacuate Collection Set: 6.1ms
[2022-01-07T00:57:53.919+0900][gc,phases   ] GC(8)   Post Evacuate Collection Set: 0.5ms
[2022-01-07T00:57:53.919+0900][gc,phases   ] GC(8)   Other: 1.2ms
[2022-01-07T00:57:53.919+0900][gc,heap     ] GC(8) Eden regions: 48->0(46)
[2022-01-07T00:57:53.919+0900][gc,heap     ] GC(8) Survivor regions: 3->5(7)
[2022-01-07T00:57:53.919+0900][gc,heap     ] GC(8) Old regions: 16->16
[2022-01-07T00:57:53.919+0900][gc,heap     ] GC(8) Archive regions: 2->2
[2022-01-07T00:57:53.919+0900][gc,heap     ] GC(8) Humongous regions: 129->129
[2022-01-07T00:57:53.919+0900][gc,metaspace] GC(8) Metaspace: 40826K(41472K)->40826K(41472K) NonClass: 35928K(36288K)->35928K(36288K) Class: 4898K(5184K)->4898K(5184K)
[2022-01-07T00:57:53.919+0900][gc          ] GC(8) Pause Young (Normal) (G1 Evacuation Pause) 196M->150M(1024M) 8.409ms
[2022-01-07T00:57:53.919+0900][gc,cpu      ] GC(8) User=0.03s Sys=0.00s Real=0.00s
[2022-01-07T00:59:59.405+0900][gc,start    ] GC(9) Pause Young (Normal) (G1 Evacuation Pause)
[2022-01-07T00:59:59.406+0900][gc,task     ] GC(9) Using 8 workers of 8 for evacuation
[2022-01-07T00:59:59.414+0900][gc,phases   ] GC(9)   Pre Evacuate Collection Set: 0.1ms
[2022-01-07T00:59:59.414+0900][gc,phases   ] GC(9)   Merge Heap Roots: 0.1ms
[2022-01-07T00:59:59.414+0900][gc,phases   ] GC(9)   Evacuate Collection Set: 7.2ms
[2022-01-07T00:59:59.414+0900][gc,phases   ] GC(9)   Post Evacuate Collection Set: 0.6ms
[2022-01-07T00:59:59.414+0900][gc,phases   ] GC(9)   Other: 0.7ms
[2022-01-07T00:59:59.414+0900][gc,heap     ] GC(9) Eden regions: 46->0(44)
[2022-01-07T00:59:59.414+0900][gc,heap     ] GC(9) Survivor regions: 5->7(7)
[2022-01-07T00:59:59.414+0900][gc,heap     ] GC(9) Old regions: 16->17
[2022-01-07T00:59:59.414+0900][gc,heap     ] GC(9) Archive regions: 2->2
[2022-01-07T00:59:59.414+0900][gc,heap     ] GC(9) Humongous regions: 129->129
[2022-01-07T00:59:59.414+0900][gc,metaspace] GC(9) Metaspace: 41960K(42624K)->41960K(42624K) NonClass: 36793K(37120K)->36793K(37120K) Class: 5167K(5504K)->5167K(5504K)
[2022-01-07T00:59:59.414+0900][gc          ] GC(9) Pause Young (Normal) (G1 Evacuation Pause) 196M->153M(1024M) 9.021ms
[2022-01-07T00:59:59.415+0900][gc,cpu      ] GC(9) User=0.04s Sys=0.00s Real=0.01s
[2022-01-07T01:02:25.779+0900][gc,start    ] GC(10) Pause Young (Normal) (G1 Evacuation Pause)
[2022-01-07T01:02:25.780+0900][gc,task     ] GC(10) Using 8 workers of 8 for evacuation
[2022-01-07T01:02:25.795+0900][gc,phases   ] GC(10)   Pre Evacuate Collection Set: 0.3ms
[2022-01-07T01:02:25.795+0900][gc,phases   ] GC(10)   Merge Heap Roots: 0.3ms
[2022-01-07T01:02:25.795+0900][gc,phases   ] GC(10)   Evacuate Collection Set: 12.7ms
[2022-01-07T01:02:25.795+0900][gc,phases   ] GC(10)   Post Evacuate Collection Set: 0.6ms
[2022-01-07T01:02:25.795+0900][gc,phases   ] GC(10)   Other: 1.8ms
[2022-01-07T01:02:25.795+0900][gc,heap     ] GC(10) Eden regions: 44->0(47)
[2022-01-07T01:02:25.795+0900][gc,heap     ] GC(10) Survivor regions: 7->4(7)
[2022-01-07T01:02:25.795+0900][gc,heap     ] GC(10) Old regions: 17->23
[2022-01-07T01:02:25.795+0900][gc,heap     ] GC(10) Archive regions: 2->2
[2022-01-07T01:02:25.795+0900][gc,heap     ] GC(10) Humongous regions: 129->129
[2022-01-07T01:02:25.795+0900][gc,metaspace] GC(10) Metaspace: 42065K(42752K)->42065K(42752K) NonClass: 36876K(37248K)->36876K(37248K) Class: 5188K(5504K)->5188K(5504K)
[2022-01-07T01:02:25.795+0900][gc          ] GC(10) Pause Young (Normal) (G1 Evacuation Pause) 197M->156M(1024M) 15.909ms
[2022-01-07T01:02:25.795+0900][gc,cpu      ] GC(10) User=0.09s Sys=0.02s Real=0.02s
[2022-01-07T01:04:52.490+0900][gc,start    ] GC(11) Pause Young (Normal) (G1 Evacuation Pause)
[2022-01-07T01:04:52.491+0900][gc,task     ] GC(11) Using 8 workers of 8 for evacuation
[2022-01-07T01:04:52.501+0900][gc,phases   ] GC(11)   Pre Evacuate Collection Set: 0.2ms
[2022-01-07T01:04:52.501+0900][gc,phases   ] GC(11)   Merge Heap Roots: 0.2ms
[2022-01-07T01:04:52.501+0900][gc,phases   ] GC(11)   Evacuate Collection Set: 8.4ms
[2022-01-07T01:04:52.501+0900][gc,phases   ] GC(11)   Post Evacuate Collection Set: 0.4ms
[2022-01-07T01:04:52.501+0900][gc,phases   ] GC(11)   Other: 1.5ms
[2022-01-07T01:04:52.501+0900][gc,heap     ] GC(11) Eden regions: 47->0(44)
[2022-01-07T01:04:52.501+0900][gc,heap     ] GC(11) Survivor regions: 4->7(7)
[2022-01-07T01:04:52.501+0900][gc,heap     ] GC(11) Old regions: 23->23
[2022-01-07T01:04:52.501+0900][gc,heap     ] GC(11) Archive regions: 2->2
[2022-01-07T01:04:52.501+0900][gc,heap     ] GC(11) Humongous regions: 129->129
[2022-01-07T01:04:52.501+0900][gc,metaspace] GC(11) Metaspace: 42116K(42816K)->42116K(42816K) NonClass: 36926K(37312K)->36926K(37312K) Class: 5189K(5504K)->5189K(5504K)
[2022-01-07T01:04:52.501+0900][gc          ] GC(11) Pause Young (Normal) (G1 Evacuation Pause) 203M->159M(1024M) 10.969ms
[2022-01-07T01:04:52.501+0900][gc,cpu      ] GC(11) User=0.06s Sys=0.00s Real=0.01s
[2022-01-07T01:07:07.353+0900][gc,start    ] GC(12) Pause Young (Normal) (G1 Evacuation Pause)
[2022-01-07T01:07:07.354+0900][gc,task     ] GC(12) Using 8 workers of 8 for evacuation
[2022-01-07T01:07:07.361+0900][gc,phases   ] GC(12)   Pre Evacuate Collection Set: 0.1ms
[2022-01-07T01:07:07.361+0900][gc,phases   ] GC(12)   Merge Heap Roots: 0.1ms
[2022-01-07T01:07:07.361+0900][gc,phases   ] GC(12)   Evacuate Collection Set: 6.1ms
[2022-01-07T01:07:07.361+0900][gc,phases   ] GC(12)   Post Evacuate Collection Set: 0.3ms
[2022-01-07T01:07:07.361+0900][gc,phases   ] GC(12)   Other: 1.2ms
[2022-01-07T01:07:07.361+0900][gc,heap     ] GC(12) Eden regions: 44->0(58)
[2022-01-07T01:07:07.361+0900][gc,heap     ] GC(12) Survivor regions: 7->7(7)
[2022-01-07T01:07:07.361+0900][gc,heap     ] GC(12) Old regions: 23->26
[2022-01-07T01:07:07.361+0900][gc,heap     ] GC(12) Archive regions: 2->2
[2022-01-07T01:07:07.361+0900][gc,heap     ] GC(12) Humongous regions: 129->129
[2022-01-07T01:07:07.361+0900][gc,metaspace] GC(12) Metaspace: 42130K(42816K)->42130K(42816K) NonClass: 36940K(37312K)->36940K(37312K) Class: 5189K(5504K)->5189K(5504K)
[2022-01-07T01:07:07.361+0900][gc          ] GC(12) Pause Young (Normal) (G1 Evacuation Pause) 203M->161M(1024M) 7.995ms
[2022-01-07T01:07:07.361+0900][gc,cpu      ] GC(12) User=0.04s Sys=0.00s Real=0.01s
