[2022-01-07 23:02:28,344] INFO [GroupCoordinator 0]: Preparing to rebalance group console-consumer-9809 in state PreparingRebalance with old generation 5 (__consumer_offsets-15) (reason: Removing member consumer-console-consumer-9809-1-e8922776-1fab-4781-a68c-fac4afcd1098 on LeaveGroup) (kafka.coordinator.group.GroupCoordinator)
[2022-01-07 23:02:28,354] INFO [GroupCoordinator 0]: Group console-consumer-9809 with generation 6 is now empty (__consumer_offsets-15) (kafka.coordinator.group.GroupCoordinator)
[2022-01-07 23:02:28,383] INFO [GroupCoordinator 0]: Member MemberMetadata(memberId=consumer-console-consumer-9809-1-e8922776-1fab-4781-a68c-fac4afcd1098, groupInstanceId=None, clientId=consumer-console-consumer-9809-1, clientHost=/127.0.0.1, sessionTimeoutMs=45000, rebalanceTimeoutMs=300000, supportedProtocols=List(range, cooperative-sticky)) has left group console-consumer-9809 through explicit `LeaveGroup` request (kafka.coordinator.group.GroupCoordinator)
[2022-01-07 23:02:30,466] INFO Terminating process due to signal SIGINT (org.apache.kafka.common.utils.LoggingSignalHandler)
[2022-01-07 23:02:30,552] INFO [KafkaServer id=0] shutting down (kafka.server.KafkaServer)
[2022-01-07 23:02:30,566] INFO [KafkaServer id=0] Starting controlled shutdown (kafka.server.KafkaServer)
[2022-01-07 23:02:30,830] INFO [KafkaServer id=0] Controlled shutdown succeeded (kafka.server.KafkaServer)
[2022-01-07 23:02:30,855] INFO [/config/changes-event-process-thread]: Shutting down (kafka.common.ZkNodeChangeNotificationListener$ChangeEventProcessThread)
[2022-01-07 23:02:30,858] INFO [/config/changes-event-process-thread]: Stopped (kafka.common.ZkNodeChangeNotificationListener$ChangeEventProcessThread)
[2022-01-07 23:02:30,859] INFO [/config/changes-event-process-thread]: Shutdown completed (kafka.common.ZkNodeChangeNotificationListener$ChangeEventProcessThread)
[2022-01-07 23:02:30,862] INFO [SocketServer listenerType=ZK_BROKER, nodeId=0] Stopping socket server request processors (kafka.network.SocketServer)
[2022-01-07 23:02:30,891] INFO [SocketServer listenerType=ZK_BROKER, nodeId=0] Stopped socket server request processors (kafka.network.SocketServer)
[2022-01-07 23:02:30,896] INFO [data-plane Kafka Request Handler on Broker 0], shutting down (kafka.server.KafkaRequestHandlerPool)
[2022-01-07 23:02:30,904] INFO [data-plane Kafka Request Handler on Broker 0], shut down completely (kafka.server.KafkaRequestHandlerPool)
[2022-01-07 23:02:30,910] INFO [ExpirationReaper-0-AlterAcls]: Shutting down (kafka.server.DelayedOperationPurgatory$ExpiredOperationReaper)
[2022-01-07 23:02:31,009] INFO [ExpirationReaper-0-AlterAcls]: Stopped (kafka.server.DelayedOperationPurgatory$ExpiredOperationReaper)
[2022-01-07 23:02:31,009] INFO [ExpirationReaper-0-AlterAcls]: Shutdown completed (kafka.server.DelayedOperationPurgatory$ExpiredOperationReaper)
[2022-01-07 23:02:31,017] INFO [KafkaApi-0] Shutdown complete. (kafka.server.KafkaApis)
[2022-01-07 23:02:31,020] INFO [ExpirationReaper-0-topic]: Shutting down (kafka.server.DelayedOperationPurgatory$ExpiredOperationReaper)
[2022-01-07 23:02:31,213] INFO [ExpirationReaper-0-topic]: Stopped (kafka.server.DelayedOperationPurgatory$ExpiredOperationReaper)
[2022-01-07 23:02:31,213] INFO [ExpirationReaper-0-topic]: Shutdown completed (kafka.server.DelayedOperationPurgatory$ExpiredOperationReaper)
[2022-01-07 23:02:31,220] INFO [TransactionCoordinator id=0] Shutting down. (kafka.coordinator.transaction.TransactionCoordinator)
[2022-01-07 23:02:31,229] INFO [Transaction State Manager 0]: Shutdown complete (kafka.coordinator.transaction.TransactionStateManager)
[2022-01-07 23:02:31,231] INFO [Transaction Marker Channel Manager 0]: Shutting down (kafka.coordinator.transaction.TransactionMarkerChannelManager)
[2022-01-07 23:02:31,235] INFO [Transaction Marker Channel Manager 0]: Stopped (kafka.coordinator.transaction.TransactionMarkerChannelManager)
[2022-01-07 23:02:31,235] INFO [Transaction Marker Channel Manager 0]: Shutdown completed (kafka.coordinator.transaction.TransactionMarkerChannelManager)
[2022-01-07 23:02:31,236] INFO [TransactionCoordinator id=0] Shutdown complete. (kafka.coordinator.transaction.TransactionCoordinator)
[2022-01-07 23:02:31,239] INFO [GroupCoordinator 0]: Shutting down. (kafka.coordinator.group.GroupCoordinator)
[2022-01-07 23:02:31,242] INFO [ExpirationReaper-0-Heartbeat]: Shutting down (kafka.server.DelayedOperationPurgatory$ExpiredOperationReaper)
[2022-01-07 23:02:31,392] INFO [ExpirationReaper-0-Heartbeat]: Stopped (kafka.server.DelayedOperationPurgatory$ExpiredOperationReaper)
[2022-01-07 23:02:31,392] INFO [ExpirationReaper-0-Heartbeat]: Shutdown completed (kafka.server.DelayedOperationPurgatory$ExpiredOperationReaper)
[2022-01-07 23:02:31,395] INFO [ExpirationReaper-0-Rebalance]: Shutting down (kafka.server.DelayedOperationPurgatory$ExpiredOperationReaper)
[2022-01-07 23:02:31,553] INFO [ExpirationReaper-0-Rebalance]: Stopped (kafka.server.DelayedOperationPurgatory$ExpiredOperationReaper)
[2022-01-07 23:02:31,553] INFO [ExpirationReaper-0-Rebalance]: Shutdown completed (kafka.server.DelayedOperationPurgatory$ExpiredOperationReaper)
[2022-01-07 23:02:31,555] INFO [GroupCoordinator 0]: Shutdown complete. (kafka.coordinator.group.GroupCoordinator)
[2022-01-07 23:02:31,563] INFO [ReplicaManager broker=0] Shutting down (kafka.server.ReplicaManager)
[2022-01-07 23:02:31,567] INFO [LogDirFailureHandler]: Shutting down (kafka.server.ReplicaManager$LogDirFailureHandler)
[2022-01-07 23:02:31,567] INFO [LogDirFailureHandler]: Stopped (kafka.server.ReplicaManager$LogDirFailureHandler)
[2022-01-07 23:02:31,567] INFO [LogDirFailureHandler]: Shutdown completed (kafka.server.ReplicaManager$LogDirFailureHandler)
[2022-01-07 23:02:31,569] INFO [ReplicaFetcherManager on broker 0] shutting down (kafka.server.ReplicaFetcherManager)
[2022-01-07 23:02:31,575] INFO [ReplicaFetcherManager on broker 0] shutdown completed (kafka.server.ReplicaFetcherManager)
[2022-01-07 23:02:31,577] INFO [ReplicaAlterLogDirsManager on broker 0] shutting down (kafka.server.ReplicaAlterLogDirsManager)
[2022-01-07 23:02:31,578] INFO [ReplicaAlterLogDirsManager on broker 0] shutdown completed (kafka.server.ReplicaAlterLogDirsManager)
[2022-01-07 23:02:31,578] INFO [ExpirationReaper-0-Fetch]: Shutting down (kafka.server.DelayedOperationPurgatory$ExpiredOperationReaper)
[2022-01-07 23:02:31,726] INFO [ExpirationReaper-0-Fetch]: Stopped (kafka.server.DelayedOperationPurgatory$ExpiredOperationReaper)
[2022-01-07 23:02:31,726] INFO [ExpirationReaper-0-Fetch]: Shutdown completed (kafka.server.DelayedOperationPurgatory$ExpiredOperationReaper)
[2022-01-07 23:02:31,727] INFO [ExpirationReaper-0-Produce]: Shutting down (kafka.server.DelayedOperationPurgatory$ExpiredOperationReaper)
[2022-01-07 23:02:31,822] INFO [ExpirationReaper-0-Produce]: Stopped (kafka.server.DelayedOperationPurgatory$ExpiredOperationReaper)
[2022-01-07 23:02:31,822] INFO [ExpirationReaper-0-Produce]: Shutdown completed (kafka.server.DelayedOperationPurgatory$ExpiredOperationReaper)
[2022-01-07 23:02:31,824] INFO [ExpirationReaper-0-DeleteRecords]: Shutting down (kafka.server.DelayedOperationPurgatory$ExpiredOperationReaper)
[2022-01-07 23:02:32,029] INFO [ExpirationReaper-0-DeleteRecords]: Stopped (kafka.server.DelayedOperationPurgatory$ExpiredOperationReaper)
[2022-01-07 23:02:32,029] INFO [ExpirationReaper-0-DeleteRecords]: Shutdown completed (kafka.server.DelayedOperationPurgatory$ExpiredOperationReaper)
[2022-01-07 23:02:32,030] INFO [ExpirationReaper-0-ElectLeader]: Shutting down (kafka.server.DelayedOperationPurgatory$ExpiredOperationReaper)
[2022-01-07 23:02:32,165] INFO [ExpirationReaper-0-ElectLeader]: Stopped (kafka.server.DelayedOperationPurgatory$ExpiredOperationReaper)
[2022-01-07 23:02:32,165] INFO [ExpirationReaper-0-ElectLeader]: Shutdown completed (kafka.server.DelayedOperationPurgatory$ExpiredOperationReaper)
[2022-01-07 23:02:32,192] INFO [ReplicaManager broker=0] Shut down completely (kafka.server.ReplicaManager)
[2022-01-07 23:02:32,195] INFO [BrokerToControllerChannelManager broker=0 name=alterIsr]: Shutting down (kafka.server.BrokerToControllerRequestThread)
[2022-01-07 23:02:32,197] INFO [BrokerToControllerChannelManager broker=0 name=alterIsr]: Shutdown completed (kafka.server.BrokerToControllerRequestThread)
[2022-01-07 23:02:32,197] INFO [BrokerToControllerChannelManager broker=0 name=alterIsr]: Stopped (kafka.server.BrokerToControllerRequestThread)
[2022-01-07 23:02:32,199] INFO Broker to controller channel manager for alterIsr shutdown (kafka.server.BrokerToControllerChannelManagerImpl)
[2022-01-07 23:02:32,200] INFO [BrokerToControllerChannelManager broker=0 name=forwarding]: Shutting down (kafka.server.BrokerToControllerRequestThread)
[2022-01-07 23:02:32,202] INFO [BrokerToControllerChannelManager broker=0 name=forwarding]: Stopped (kafka.server.BrokerToControllerRequestThread)
[2022-01-07 23:02:32,202] INFO [BrokerToControllerChannelManager broker=0 name=forwarding]: Shutdown completed (kafka.server.BrokerToControllerRequestThread)
[2022-01-07 23:02:32,202] INFO Broker to controller channel manager for forwarding shutdown (kafka.server.BrokerToControllerChannelManagerImpl)
[2022-01-07 23:02:32,203] INFO Shutting down. (kafka.log.LogManager)
[2022-01-07 23:02:32,415] INFO [ProducerStateManager partition=example-catalog-topic-0] Wrote producer snapshot at offset 17 with 0 producer ids in 30 ms. (kafka.log.ProducerStateManager)
[2022-01-07 23:02:32,846] INFO [ProducerStateManager partition=__consumer_offsets-20] Wrote producer snapshot at offset 22 with 0 producer ids in 19 ms. (kafka.log.ProducerStateManager)
[2022-01-07 23:02:33,031] INFO [ProducerStateManager partition=__consumer_offsets-23] Wrote producer snapshot at offset 19 with 0 producer ids in 21 ms. (kafka.log.ProducerStateManager)
[2022-01-07 23:02:33,095] INFO [ProducerStateManager partition=connect-configs-0] Wrote producer snapshot at offset 69 with 0 producer ids in 20 ms. (kafka.log.ProducerStateManager)
[2022-01-07 23:02:33,218] INFO [ProducerStateManager partition=orders-0] Wrote producer snapshot at offset 1 with 0 producer ids in 20 ms. (kafka.log.ProducerStateManager)
[2022-01-07 23:02:33,501] INFO [ProducerStateManager partition=__consumer_offsets-13] Wrote producer snapshot at offset 35 with 0 producer ids in 20 ms. (kafka.log.ProducerStateManager)
[2022-01-07 23:02:33,748] INFO [ProducerStateManager partition=connect-status-1] Wrote producer snapshot at offset 28 with 0 producer ids in 20 ms. (kafka.log.ProducerStateManager)
[2022-01-07 23:02:33,961] INFO [ProducerStateManager partition=connect-status-3] Wrote producer snapshot at offset 64 with 0 producer ids in 21 ms. (kafka.log.ProducerStateManager)
[2022-01-07 23:02:34,042] INFO [ProducerStateManager partition=__consumer_offsets-16] Wrote producer snapshot at offset 12 with 0 producer ids in 20 ms. (kafka.log.ProducerStateManager)
[2022-01-07 23:02:34,373] INFO [ProducerStateManager partition=__consumer_offsets-15] Wrote producer snapshot at offset 6 with 0 producer ids in 21 ms. (kafka.log.ProducerStateManager)
[2022-01-07 23:02:34,581] WARN Session 0x10000a2e3a30003 for sever localhost/127.0.0.1:2181, Closing socket connection. Attempting reconnect except it is a SessionExpiredException. (org.apache.zookeeper.ClientCnxn)
EndOfStreamException: Unable to read additional data from server sessionid 0x10000a2e3a30003, likely server has closed socket
	at org.apache.zookeeper.ClientCnxnSocketNIO.doIO(ClientCnxnSocketNIO.java:77)
	at org.apache.zookeeper.ClientCnxnSocketNIO.doTransport(ClientCnxnSocketNIO.java:350)
	at org.apache.zookeeper.ClientCnxn$SendThread.run(ClientCnxn.java:1290)
[2022-01-07 23:02:34,585] INFO Shutdown complete. (kafka.log.LogManager)
[2022-01-07 23:02:34,609] INFO [feature-zk-node-event-process-thread]: Shutting down (kafka.server.FinalizedFeatureChangeListener$ChangeNotificationProcessorThread)
[2022-01-07 23:02:34,611] INFO [feature-zk-node-event-process-thread]: Stopped (kafka.server.FinalizedFeatureChangeListener$ChangeNotificationProcessorThread)
[2022-01-07 23:02:34,611] INFO [feature-zk-node-event-process-thread]: Shutdown completed (kafka.server.FinalizedFeatureChangeListener$ChangeNotificationProcessorThread)
[2022-01-07 23:02:34,612] INFO [ZooKeeperClient Kafka server] Closing. (kafka.zookeeper.ZooKeeperClient)
[2022-01-07 23:02:34,812] INFO EventThread shut down for session: 0x10000a2e3a30003 (org.apache.zookeeper.ClientCnxn)
[2022-01-07 23:02:34,812] INFO Session: 0x10000a2e3a30003 closed (org.apache.zookeeper.ZooKeeper)
[2022-01-07 23:02:34,815] INFO [ZooKeeperClient Kafka server] Closed. (kafka.zookeeper.ZooKeeperClient)
[2022-01-07 23:02:34,816] INFO [ThrottledChannelReaper-Fetch]: Shutting down (kafka.server.ClientQuotaManager$ThrottledChannelReaper)
[2022-01-07 23:02:35,065] INFO [ThrottledChannelReaper-Fetch]: Stopped (kafka.server.ClientQuotaManager$ThrottledChannelReaper)
[2022-01-07 23:02:35,065] INFO [ThrottledChannelReaper-Fetch]: Shutdown completed (kafka.server.ClientQuotaManager$ThrottledChannelReaper)
[2022-01-07 23:02:35,065] INFO [ThrottledChannelReaper-Produce]: Shutting down (kafka.server.ClientQuotaManager$ThrottledChannelReaper)
[2022-01-07 23:02:36,068] INFO [ThrottledChannelReaper-Produce]: Stopped (kafka.server.ClientQuotaManager$ThrottledChannelReaper)
[2022-01-07 23:02:36,068] INFO [ThrottledChannelReaper-Produce]: Shutdown completed (kafka.server.ClientQuotaManager$ThrottledChannelReaper)
[2022-01-07 23:02:36,069] INFO [ThrottledChannelReaper-Request]: Shutting down (kafka.server.ClientQuotaManager$ThrottledChannelReaper)
[2022-01-07 23:02:37,073] INFO [ThrottledChannelReaper-Request]: Stopped (kafka.server.ClientQuotaManager$ThrottledChannelReaper)
[2022-01-07 23:02:37,073] INFO [ThrottledChannelReaper-Request]: Shutdown completed (kafka.server.ClientQuotaManager$ThrottledChannelReaper)
[2022-01-07 23:02:37,074] INFO [ThrottledChannelReaper-ControllerMutation]: Shutting down (kafka.server.ClientQuotaManager$ThrottledChannelReaper)
[2022-01-07 23:02:38,075] INFO [ThrottledChannelReaper-ControllerMutation]: Shutdown completed (kafka.server.ClientQuotaManager$ThrottledChannelReaper)
[2022-01-07 23:02:38,075] INFO [ThrottledChannelReaper-ControllerMutation]: Stopped (kafka.server.ClientQuotaManager$ThrottledChannelReaper)
[2022-01-07 23:02:38,084] INFO [SocketServer listenerType=ZK_BROKER, nodeId=0] Shutting down socket server (kafka.network.SocketServer)
[2022-01-07 23:02:38,131] INFO [SocketServer listenerType=ZK_BROKER, nodeId=0] Shutdown completed (kafka.network.SocketServer)
[2022-01-07 23:02:38,134] INFO Metrics scheduler closed (org.apache.kafka.common.metrics.Metrics)
[2022-01-07 23:02:38,134] INFO Closing reporter org.apache.kafka.common.metrics.JmxReporter (org.apache.kafka.common.metrics.Metrics)
[2022-01-07 23:02:38,134] INFO Metrics reporters closed (org.apache.kafka.common.metrics.Metrics)
[2022-01-07 23:02:38,141] INFO Broker and topic stats closed (kafka.server.BrokerTopicStats)
[2022-01-07 23:02:38,143] INFO App info kafka.server for 0 unregistered (org.apache.kafka.common.utils.AppInfoParser)
[2022-01-07 23:02:38,145] INFO [KafkaServer id=0] shut down completed (kafka.server.KafkaServer)
