[2022-01-07 01:04:04,222] INFO [Controller id=0 epoch=6] Sending UpdateMetadata request to brokers HashSet() for 0 partitions (state.change.logger)
[2022-01-07 01:04:04,224] INFO [Controller id=0 epoch=6] Sending UpdateMetadata request to brokers HashSet() for 0 partitions (state.change.logger)
[2022-01-07 01:04:04,224] INFO [Controller id=0 epoch=6] Sending UpdateMetadata request to brokers HashSet(0) for 1 partitions (state.change.logger)
[2022-01-07 01:04:04,226] INFO [Broker id=0] Add 0 partitions and deleted 1 partitions from metadata cache in response to UpdateMetadata request sent by controller 0 epoch 6 with correlation id 8 (state.change.logger)
[2022-01-07 01:04:04,249] INFO [Controller id=0 epoch=6] Partition orders-0 state changed to (Leader:-1,ISR:0,LeaderEpoch:1,ControllerEpoch:6) after removing replica 0 from the ISR as part of transition to OfflineReplica (state.change.logger)
[2022-01-07 01:04:04,249] INFO [Controller id=0 epoch=6] Sending UpdateMetadata request to brokers HashSet() for 0 partitions (state.change.logger)
[2022-01-07 01:04:04,249] INFO [Controller id=0 epoch=6] Sending StopReplica request for 1 replicas to broker 0 (state.change.logger)
[2022-01-07 01:04:04,250] INFO [Controller id=0 epoch=6] Sending UpdateMetadata request to brokers HashSet() for 0 partitions (state.change.logger)
[2022-01-07 01:04:04,250] INFO [Controller id=0 epoch=6] Sending StopReplica request for 1 replicas to broker 0 (state.change.logger)
[2022-01-07 01:04:04,250] INFO [Broker id=0] Handling StopReplica request correlationId 9 from controller 0 for 1 partitions (state.change.logger)
[2022-01-07 01:04:04,251] INFO [Broker id=0] Handling StopReplica request correlationId 10 from controller 0 for 1 partitions (state.change.logger)
[2022-01-07 01:04:04,339] INFO [Controller id=0 epoch=6] Sending UpdateMetadata request to brokers HashSet() for 0 partitions (state.change.logger)
[2022-01-07 01:04:04,340] INFO [Controller id=0 epoch=6] Sending UpdateMetadata request to brokers HashSet() for 0 partitions (state.change.logger)
[2022-01-07 01:04:04,531] INFO [Controller id=0 epoch=6] Changed partition orders-0 state from NonExistentPartition to NewPartition with assigned replicas 0 (state.change.logger)
[2022-01-07 01:04:04,531] INFO [Controller id=0 epoch=6] Sending UpdateMetadata request to brokers HashSet() for 0 partitions (state.change.logger)
[2022-01-07 01:04:04,532] INFO [Controller id=0 epoch=6] Sending UpdateMetadata request to brokers HashSet() for 0 partitions (state.change.logger)
[2022-01-07 01:04:04,601] INFO [Controller id=0 epoch=6] Changed partition orders-0 from NewPartition to OnlinePartition with state LeaderAndIsr(leader=0, leaderEpoch=0, isr=List(0), zkVersion=0) (state.change.logger)
[2022-01-07 01:04:04,601] INFO [Controller id=0 epoch=6] Sending LeaderAndIsr request to broker 0 with 1 become-leader and 0 become-follower partitions (state.change.logger)
[2022-01-07 01:04:04,601] INFO [Controller id=0 epoch=6] Sending UpdateMetadata request to brokers HashSet(0) for 1 partitions (state.change.logger)
[2022-01-07 01:04:04,602] INFO [Controller id=0 epoch=6] Sending UpdateMetadata request to brokers HashSet() for 0 partitions (state.change.logger)
[2022-01-07 01:04:04,602] INFO [Broker id=0] Handling LeaderAndIsr request correlationId 11 from controller 0 for 1 partitions (state.change.logger)
[2022-01-07 01:04:04,603] INFO [Broker id=0] Stopped fetchers as part of LeaderAndIsr request correlationId 11 from controller 0 epoch 6 as part of the become-leader transition for 1 partitions (state.change.logger)
[2022-01-07 01:04:04,614] INFO [Broker id=0] Leader orders-0 starts at leader epoch 0 from offset 0 with high watermark 0 ISR [0] addingReplicas [] removingReplicas []. Previous leader epoch was -1. (state.change.logger)
[2022-01-07 01:04:04,653] INFO [Broker id=0] Finished LeaderAndIsr request in 51ms correlationId 11 from controller 0 for 1 partitions (state.change.logger)
[2022-01-07 01:04:04,654] INFO [Broker id=0] Add 1 partitions and deleted 0 partitions from metadata cache in response to UpdateMetadata request sent by controller 0 epoch 6 with correlation id 12 (state.change.logger)
