t=2022-01-07T18:56:38+0900 lvl=warn msg="falling back to legacy setting of 'min_interval_seconds'; please use the configuration option in the `unified_alerting` section if Grafana 8 alerts are enabled." logger=settings
t=2022-01-07T18:56:38+0900 lvl=info msg="Config loaded from" logger=settings file=/Users/bigpenguin/project/Inflearn-Spring-Cloud-MSA/grafana-8.3.3/conf/defaults.ini
t=2022-01-07T18:56:38+0900 lvl=info msg="Path Home" logger=settings path=/Users/bigpenguin/project/Inflearn-Spring-Cloud-MSA/grafana-8.3.3
t=2022-01-07T18:56:38+0900 lvl=info msg="Path Data" logger=settings path=/Users/bigpenguin/project/Inflearn-Spring-Cloud-MSA/grafana-8.3.3/data
t=2022-01-07T18:56:38+0900 lvl=info msg="Path Logs" logger=settings path=/Users/bigpenguin/project/Inflearn-Spring-Cloud-MSA/grafana-8.3.3/data/log
t=2022-01-07T18:56:38+0900 lvl=info msg="Path Plugins" logger=settings path=/Users/bigpenguin/project/Inflearn-Spring-Cloud-MSA/grafana-8.3.3/data/plugins
t=2022-01-07T18:56:38+0900 lvl=info msg="Path Provisioning" logger=settings path=/Users/bigpenguin/project/Inflearn-Spring-Cloud-MSA/grafana-8.3.3/conf/provisioning
t=2022-01-07T18:56:38+0900 lvl=info msg="App mode production" logger=settings
t=2022-01-07T18:56:38+0900 lvl=info msg="Connecting to DB" logger=sqlstore dbtype=sqlite3
t=2022-01-07T18:56:38+0900 lvl=info msg="Creating SQLite database file" logger=sqlstore path=/Users/bigpenguin/project/Inflearn-Spring-Cloud-MSA/grafana-8.3.3/data/grafana.db
t=2022-01-07T18:56:38+0900 lvl=info msg="Starting DB migrations" logger=migrator
t=2022-01-07T18:56:38+0900 lvl=info msg="Executing migration" logger=migrator id="create migration_log table"
t=2022-01-07T18:56:38+0900 lvl=info msg="Executing migration" logger=migrator id="create user table"
t=2022-01-07T18:56:38+0900 lvl=info msg="Executing migration" logger=migrator id="add unique index user.login"
t=2022-01-07T18:56:38+0900 lvl=info msg="Executing migration" logger=migrator id="add unique index user.email"
t=2022-01-07T18:56:38+0900 lvl=info msg="Executing migration" logger=migrator id="drop index UQE_user_login - v1"
t=2022-01-07T18:56:38+0900 lvl=info msg="Executing migration" logger=migrator id="drop index UQE_user_email - v1"
t=2022-01-07T18:56:38+0900 lvl=info msg="Executing migration" logger=migrator id="Rename table user to user_v1 - v1"
t=2022-01-07T18:56:38+0900 lvl=info msg="Executing migration" logger=migrator id="create user table v2"
t=2022-01-07T18:56:38+0900 lvl=info msg="Executing migration" logger=migrator id="create index UQE_user_login - v2"
t=2022-01-07T18:56:38+0900 lvl=info msg="Executing migration" logger=migrator id="create index UQE_user_email - v2"
t=2022-01-07T18:56:38+0900 lvl=info msg="Executing migration" logger=migrator id="copy data_source v1 to v2"
t=2022-01-07T18:56:38+0900 lvl=info msg="Executing migration" logger=migrator id="Drop old table user_v1"
t=2022-01-07T18:56:38+0900 lvl=info msg="Executing migration" logger=migrator id="Add column help_flags1 to user table"
t=2022-01-07T18:56:38+0900 lvl=info msg="Executing migration" logger=migrator id="Update user table charset"
t=2022-01-07T18:56:38+0900 lvl=info msg="Executing migration" logger=migrator id="Add last_seen_at column to user"
t=2022-01-07T18:56:38+0900 lvl=info msg="Executing migration" logger=migrator id="Add missing user data"
t=2022-01-07T18:56:38+0900 lvl=info msg="Executing migration" logger=migrator id="Add is_disabled column to user"
t=2022-01-07T18:56:38+0900 lvl=info msg="Executing migration" logger=migrator id="Add index user.login/user.email"
t=2022-01-07T18:56:38+0900 lvl=info msg="Executing migration" logger=migrator id="Add is_service_account column to user"
t=2022-01-07T18:56:38+0900 lvl=info msg="Executing migration" logger=migrator id="create temp user table v1-7"
t=2022-01-07T18:56:38+0900 lvl=info msg="Executing migration" logger=migrator id="create index IDX_temp_user_email - v1-7"
t=2022-01-07T18:56:38+0900 lvl=info msg="Executing migration" logger=migrator id="create index IDX_temp_user_org_id - v1-7"
t=2022-01-07T18:56:38+0900 lvl=info msg="Executing migration" logger=migrator id="create index IDX_temp_user_code - v1-7"
t=2022-01-07T18:56:38+0900 lvl=info msg="Executing migration" logger=migrator id="create index IDX_temp_user_status - v1-7"
t=2022-01-07T18:56:38+0900 lvl=info msg="Executing migration" logger=migrator id="Update temp_user table charset"
t=2022-01-07T18:56:38+0900 lvl=info msg="Executing migration" logger=migrator id="drop index IDX_temp_user_email - v1"
t=2022-01-07T18:56:38+0900 lvl=info msg="Executing migration" logger=migrator id="drop index IDX_temp_user_org_id - v1"
t=2022-01-07T18:56:38+0900 lvl=info msg="Executing migration" logger=migrator id="drop index IDX_temp_user_code - v1"
t=2022-01-07T18:56:38+0900 lvl=info msg="Executing migration" logger=migrator id="drop index IDX_temp_user_status - v1"
t=2022-01-07T18:56:38+0900 lvl=info msg="Executing migration" logger=migrator id="Rename table temp_user to temp_user_tmp_qwerty - v1"
t=2022-01-07T18:56:38+0900 lvl=info msg="Executing migration" logger=migrator id="create temp_user v2"
t=2022-01-07T18:56:38+0900 lvl=info msg="Executing migration" logger=migrator id="create index IDX_temp_user_email - v2"
t=2022-01-07T18:56:38+0900 lvl=info msg="Executing migration" logger=migrator id="create index IDX_temp_user_org_id - v2"
t=2022-01-07T18:56:38+0900 lvl=info msg="Executing migration" logger=migrator id="create index IDX_temp_user_code - v2"
t=2022-01-07T18:56:38+0900 lvl=info msg="Executing migration" logger=migrator id="create index IDX_temp_user_status - v2"
t=2022-01-07T18:56:38+0900 lvl=info msg="Executing migration" logger=migrator id="copy temp_user v1 to v2"
t=2022-01-07T18:56:38+0900 lvl=info msg="Executing migration" logger=migrator id="drop temp_user_tmp_qwerty"
t=2022-01-07T18:56:38+0900 lvl=info msg="Executing migration" logger=migrator id="Set created for temp users that will otherwise prematurely expire"
t=2022-01-07T18:56:38+0900 lvl=info msg="Executing migration" logger=migrator id="create star table"
t=2022-01-07T18:56:38+0900 lvl=info msg="Executing migration" logger=migrator id="add unique index star.user_id_dashboard_id"
t=2022-01-07T18:56:38+0900 lvl=info msg="Executing migration" logger=migrator id="create org table v1"
t=2022-01-07T18:56:38+0900 lvl=info msg="Executing migration" logger=migrator id="create index UQE_org_name - v1"
t=2022-01-07T18:56:38+0900 lvl=info msg="Executing migration" logger=migrator id="create org_user table v1"
t=2022-01-07T18:56:38+0900 lvl=info msg="Executing migration" logger=migrator id="create index IDX_org_user_org_id - v1"
t=2022-01-07T18:56:38+0900 lvl=info msg="Executing migration" logger=migrator id="create index UQE_org_user_org_id_user_id - v1"
t=2022-01-07T18:56:38+0900 lvl=info msg="Executing migration" logger=migrator id="create index IDX_org_user_user_id - v1"
t=2022-01-07T18:56:38+0900 lvl=info msg="Executing migration" logger=migrator id="Update org table charset"
t=2022-01-07T18:56:38+0900 lvl=info msg="Executing migration" logger=migrator id="Update org_user table charset"
t=2022-01-07T18:56:38+0900 lvl=info msg="Executing migration" logger=migrator id="Migrate all Read Only Viewers to Viewers"
t=2022-01-07T18:56:38+0900 lvl=info msg="Executing migration" logger=migrator id="create dashboard table"
t=2022-01-07T18:56:38+0900 lvl=info msg="Executing migration" logger=migrator id="add index dashboard.account_id"
t=2022-01-07T18:56:38+0900 lvl=info msg="Executing migration" logger=migrator id="add unique index dashboard_account_id_slug"
t=2022-01-07T18:56:38+0900 lvl=info msg="Executing migration" logger=migrator id="create dashboard_tag table"
t=2022-01-07T18:56:38+0900 lvl=info msg="Executing migration" logger=migrator id="add unique index dashboard_tag.dasboard_id_term"
t=2022-01-07T18:56:38+0900 lvl=info msg="Executing migration" logger=migrator id="drop index UQE_dashboard_tag_dashboard_id_term - v1"
t=2022-01-07T18:56:38+0900 lvl=info msg="Executing migration" logger=migrator id="Rename table dashboard to dashboard_v1 - v1"
t=2022-01-07T18:56:38+0900 lvl=info msg="Executing migration" logger=migrator id="create dashboard v2"
t=2022-01-07T18:56:38+0900 lvl=info msg="Executing migration" logger=migrator id="create index IDX_dashboard_org_id - v2"
t=2022-01-07T18:56:38+0900 lvl=info msg="Executing migration" logger=migrator id="create index UQE_dashboard_org_id_slug - v2"
t=2022-01-07T18:56:38+0900 lvl=info msg="Executing migration" logger=migrator id="copy dashboard v1 to v2"
t=2022-01-07T18:56:38+0900 lvl=info msg="Executing migration" logger=migrator id="drop table dashboard_v1"
t=2022-01-07T18:56:38+0900 lvl=info msg="Executing migration" logger=migrator id="alter dashboard.data to mediumtext v1"
t=2022-01-07T18:56:38+0900 lvl=info msg="Executing migration" logger=migrator id="Add column updated_by in dashboard - v2"
t=2022-01-07T18:56:38+0900 lvl=info msg="Executing migration" logger=migrator id="Add column created_by in dashboard - v2"
t=2022-01-07T18:56:38+0900 lvl=info msg="Executing migration" logger=migrator id="Add column gnetId in dashboard"
t=2022-01-07T18:56:38+0900 lvl=info msg="Executing migration" logger=migrator id="Add index for gnetId in dashboard"
t=2022-01-07T18:56:38+0900 lvl=info msg="Executing migration" logger=migrator id="Add column plugin_id in dashboard"
t=2022-01-07T18:56:38+0900 lvl=info msg="Executing migration" logger=migrator id="Add index for plugin_id in dashboard"
t=2022-01-07T18:56:38+0900 lvl=info msg="Executing migration" logger=migrator id="Add index for dashboard_id in dashboard_tag"
t=2022-01-07T18:56:38+0900 lvl=info msg="Executing migration" logger=migrator id="Update dashboard table charset"
t=2022-01-07T18:56:38+0900 lvl=info msg="Executing migration" logger=migrator id="Update dashboard_tag table charset"
t=2022-01-07T18:56:38+0900 lvl=info msg="Executing migration" logger=migrator id="Add column folder_id in dashboard"
t=2022-01-07T18:56:38+0900 lvl=info msg="Executing migration" logger=migrator id="Add column isFolder in dashboard"
t=2022-01-07T18:56:38+0900 lvl=info msg="Executing migration" logger=migrator id="Add column has_acl in dashboard"
t=2022-01-07T18:56:38+0900 lvl=info msg="Executing migration" logger=migrator id="Add column uid in dashboard"
t=2022-01-07T18:56:38+0900 lvl=info msg="Executing migration" logger=migrator id="Update uid column values in dashboard"
t=2022-01-07T18:56:38+0900 lvl=info msg="Executing migration" logger=migrator id="Add unique index dashboard_org_id_uid"
t=2022-01-07T18:56:38+0900 lvl=info msg="Executing migration" logger=migrator id="Remove unique index org_id_slug"
t=2022-01-07T18:56:38+0900 lvl=info msg="Executing migration" logger=migrator id="Update dashboard title length"
t=2022-01-07T18:56:38+0900 lvl=info msg="Executing migration" logger=migrator id="Add unique index for dashboard_org_id_title_folder_id"
t=2022-01-07T18:56:38+0900 lvl=info msg="Executing migration" logger=migrator id="create dashboard_provisioning"
t=2022-01-07T18:56:38+0900 lvl=info msg="Executing migration" logger=migrator id="Rename table dashboard_provisioning to dashboard_provisioning_tmp_qwerty - v1"
t=2022-01-07T18:56:38+0900 lvl=info msg="Executing migration" logger=migrator id="create dashboard_provisioning v2"
t=2022-01-07T18:56:38+0900 lvl=info msg="Executing migration" logger=migrator id="create index IDX_dashboard_provisioning_dashboard_id - v2"
t=2022-01-07T18:56:38+0900 lvl=info msg="Executing migration" logger=migrator id="create index IDX_dashboard_provisioning_dashboard_id_name - v2"
t=2022-01-07T18:56:38+0900 lvl=info msg="Executing migration" logger=migrator id="copy dashboard_provisioning v1 to v2"
t=2022-01-07T18:56:38+0900 lvl=info msg="Executing migration" logger=migrator id="drop dashboard_provisioning_tmp_qwerty"
t=2022-01-07T18:56:38+0900 lvl=info msg="Executing migration" logger=migrator id="Add check_sum column"
t=2022-01-07T18:56:38+0900 lvl=info msg="Executing migration" logger=migrator id="Add index for dashboard_title"
t=2022-01-07T18:56:38+0900 lvl=info msg="Executing migration" logger=migrator id="delete tags for deleted dashboards"
t=2022-01-07T18:56:38+0900 lvl=info msg="Executing migration" logger=migrator id="delete stars for deleted dashboards"
t=2022-01-07T18:56:38+0900 lvl=info msg="Executing migration" logger=migrator id="Add index for dashboard_is_folder"
t=2022-01-07T18:56:38+0900 lvl=info msg="Executing migration" logger=migrator id="create data_source table"
t=2022-01-07T18:56:38+0900 lvl=info msg="Executing migration" logger=migrator id="add index data_source.account_id"
t=2022-01-07T18:56:38+0900 lvl=info msg="Executing migration" logger=migrator id="add unique index data_source.account_id_name"
t=2022-01-07T18:56:38+0900 lvl=info msg="Executing migration" logger=migrator id="drop index IDX_data_source_account_id - v1"
t=2022-01-07T18:56:38+0900 lvl=info msg="Executing migration" logger=migrator id="drop index UQE_data_source_account_id_name - v1"
t=2022-01-07T18:56:38+0900 lvl=info msg="Executing migration" logger=migrator id="Rename table data_source to data_source_v1 - v1"
t=2022-01-07T18:56:38+0900 lvl=info msg="Executing migration" logger=migrator id="create data_source table v2"
t=2022-01-07T18:56:38+0900 lvl=info msg="Executing migration" logger=migrator id="create index IDX_data_source_org_id - v2"
t=2022-01-07T18:56:38+0900 lvl=info msg="Executing migration" logger=migrator id="create index UQE_data_source_org_id_name - v2"
t=2022-01-07T18:56:38+0900 lvl=info msg="Executing migration" logger=migrator id="copy data_source v1 to v2"
t=2022-01-07T18:56:38+0900 lvl=info msg="Executing migration" logger=migrator id="Drop old table data_source_v1 #2"
t=2022-01-07T18:56:38+0900 lvl=info msg="Executing migration" logger=migrator id="Add column with_credentials"
t=2022-01-07T18:56:38+0900 lvl=info msg="Executing migration" logger=migrator id="Add secure json data column"
t=2022-01-07T18:56:38+0900 lvl=info msg="Executing migration" logger=migrator id="Update data_source table charset"
t=2022-01-07T18:56:38+0900 lvl=info msg="Executing migration" logger=migrator id="Update initial version to 1"
t=2022-01-07T18:56:38+0900 lvl=info msg="Executing migration" logger=migrator id="Add read_only data column"
t=2022-01-07T18:56:38+0900 lvl=info msg="Executing migration" logger=migrator id="Migrate logging ds to loki ds"
t=2022-01-07T18:56:38+0900 lvl=info msg="Executing migration" logger=migrator id="Update json_data with nulls"
t=2022-01-07T18:56:38+0900 lvl=info msg="Executing migration" logger=migrator id="Add uid column"
t=2022-01-07T18:56:38+0900 lvl=info msg="Executing migration" logger=migrator id="Update uid value"
t=2022-01-07T18:56:38+0900 lvl=info msg="Executing migration" logger=migrator id="Add unique index datasource_org_id_uid"
t=2022-01-07T18:56:38+0900 lvl=info msg="Executing migration" logger=migrator id="add unique index datasource_org_id_is_default"
t=2022-01-07T18:56:38+0900 lvl=info msg="Executing migration" logger=migrator id="create api_key table"
t=2022-01-07T18:56:38+0900 lvl=info msg="Executing migration" logger=migrator id="add index api_key.account_id"
t=2022-01-07T18:56:38+0900 lvl=info msg="Executing migration" logger=migrator id="add index api_key.key"
t=2022-01-07T18:56:38+0900 lvl=info msg="Executing migration" logger=migrator id="add index api_key.account_id_name"
t=2022-01-07T18:56:38+0900 lvl=info msg="Executing migration" logger=migrator id="drop index IDX_api_key_account_id - v1"
t=2022-01-07T18:56:38+0900 lvl=info msg="Executing migration" logger=migrator id="drop index UQE_api_key_key - v1"
t=2022-01-07T18:56:38+0900 lvl=info msg="Executing migration" logger=migrator id="drop index UQE_api_key_account_id_name - v1"
t=2022-01-07T18:56:38+0900 lvl=info msg="Executing migration" logger=migrator id="Rename table api_key to api_key_v1 - v1"
t=2022-01-07T18:56:38+0900 lvl=info msg="Executing migration" logger=migrator id="create api_key table v2"
t=2022-01-07T18:56:38+0900 lvl=info msg="Executing migration" logger=migrator id="create index IDX_api_key_org_id - v2"
t=2022-01-07T18:56:38+0900 lvl=info msg="Executing migration" logger=migrator id="create index UQE_api_key_key - v2"
t=2022-01-07T18:56:38+0900 lvl=info msg="Executing migration" logger=migrator id="create index UQE_api_key_org_id_name - v2"
t=2022-01-07T18:56:38+0900 lvl=info msg="Executing migration" logger=migrator id="copy api_key v1 to v2"
t=2022-01-07T18:56:38+0900 lvl=info msg="Executing migration" logger=migrator id="Drop old table api_key_v1"
t=2022-01-07T18:56:38+0900 lvl=info msg="Executing migration" logger=migrator id="Update api_key table charset"
t=2022-01-07T18:56:38+0900 lvl=info msg="Executing migration" logger=migrator id="Add expires to api_key table"
t=2022-01-07T18:56:38+0900 lvl=info msg="Executing migration" logger=migrator id="Add service account foreign key"
t=2022-01-07T18:56:38+0900 lvl=info msg="Executing migration" logger=migrator id="create dashboard_snapshot table v4"
t=2022-01-07T18:56:38+0900 lvl=info msg="Executing migration" logger=migrator id="drop table dashboard_snapshot_v4 #1"
t=2022-01-07T18:56:38+0900 lvl=info msg="Executing migration" logger=migrator id="create dashboard_snapshot table v5 #2"
t=2022-01-07T18:56:38+0900 lvl=info msg="Executing migration" logger=migrator id="create index UQE_dashboard_snapshot_key - v5"
t=2022-01-07T18:56:38+0900 lvl=info msg="Executing migration" logger=migrator id="create index UQE_dashboard_snapshot_delete_key - v5"
t=2022-01-07T18:56:38+0900 lvl=info msg="Executing migration" logger=migrator id="create index IDX_dashboard_snapshot_user_id - v5"
t=2022-01-07T18:56:38+0900 lvl=info msg="Executing migration" logger=migrator id="alter dashboard_snapshot to mediumtext v2"
t=2022-01-07T18:56:38+0900 lvl=info msg="Executing migration" logger=migrator id="Update dashboard_snapshot table charset"
t=2022-01-07T18:56:38+0900 lvl=info msg="Executing migration" logger=migrator id="Add column external_delete_url to dashboard_snapshots table"
t=2022-01-07T18:56:38+0900 lvl=info msg="Executing migration" logger=migrator id="Add encrypted dashboard json column"
t=2022-01-07T18:56:38+0900 lvl=info msg="Executing migration" logger=migrator id="Change dashboard_encrypted column to MEDIUMBLOB"
t=2022-01-07T18:56:38+0900 lvl=info msg="Executing migration" logger=migrator id="create quota table v1"
t=2022-01-07T18:56:38+0900 lvl=info msg="Executing migration" logger=migrator id="create index UQE_quota_org_id_user_id_target - v1"
t=2022-01-07T18:56:38+0900 lvl=info msg="Executing migration" logger=migrator id="Update quota table charset"
t=2022-01-07T18:56:38+0900 lvl=info msg="Executing migration" logger=migrator id="create plugin_setting table"
t=2022-01-07T18:56:38+0900 lvl=info msg="Executing migration" logger=migrator id="create index UQE_plugin_setting_org_id_plugin_id - v1"
t=2022-01-07T18:56:38+0900 lvl=info msg="Executing migration" logger=migrator id="Add column plugin_version to plugin_settings"
t=2022-01-07T18:56:38+0900 lvl=info msg="Executing migration" logger=migrator id="Update plugin_setting table charset"
t=2022-01-07T18:56:38+0900 lvl=info msg="Executing migration" logger=migrator id="create session table"
t=2022-01-07T18:56:38+0900 lvl=info msg="Executing migration" logger=migrator id="Drop old table playlist table"
t=2022-01-07T18:56:38+0900 lvl=info msg="Executing migration" logger=migrator id="Drop old table playlist_item table"
t=2022-01-07T18:56:38+0900 lvl=info msg="Executing migration" logger=migrator id="create playlist table v2"
t=2022-01-07T18:56:38+0900 lvl=info msg="Executing migration" logger=migrator id="create playlist item table v2"
t=2022-01-07T18:56:38+0900 lvl=info msg="Executing migration" logger=migrator id="Update playlist table charset"
t=2022-01-07T18:56:38+0900 lvl=info msg="Executing migration" logger=migrator id="Update playlist_item table charset"
t=2022-01-07T18:56:38+0900 lvl=info msg="Executing migration" logger=migrator id="drop preferences table v2"
t=2022-01-07T18:56:38+0900 lvl=info msg="Executing migration" logger=migrator id="drop preferences table v3"
t=2022-01-07T18:56:38+0900 lvl=info msg="Executing migration" logger=migrator id="create preferences table v3"
t=2022-01-07T18:56:38+0900 lvl=info msg="Executing migration" logger=migrator id="Update preferences table charset"
t=2022-01-07T18:56:38+0900 lvl=info msg="Executing migration" logger=migrator id="Add column team_id in preferences"
t=2022-01-07T18:56:38+0900 lvl=info msg="Executing migration" logger=migrator id="Update team_id column values in preferences"
t=2022-01-07T18:56:38+0900 lvl=info msg="Executing migration" logger=migrator id="Add column week_start in preferences"
t=2022-01-07T18:56:38+0900 lvl=info msg="Executing migration" logger=migrator id="create alert table v1"
t=2022-01-07T18:56:38+0900 lvl=info msg="Executing migration" logger=migrator id="add index alert org_id & id "
t=2022-01-07T18:56:38+0900 lvl=info msg="Executing migration" logger=migrator id="add index alert state"
t=2022-01-07T18:56:38+0900 lvl=info msg="Executing migration" logger=migrator id="add index alert dashboard_id"
t=2022-01-07T18:56:38+0900 lvl=info msg="Executing migration" logger=migrator id="Create alert_rule_tag table v1"
t=2022-01-07T18:56:38+0900 lvl=info msg="Executing migration" logger=migrator id="Add unique index alert_rule_tag.alert_id_tag_id"
t=2022-01-07T18:56:38+0900 lvl=info msg="Executing migration" logger=migrator id="drop index UQE_alert_rule_tag_alert_id_tag_id - v1"
t=2022-01-07T18:56:38+0900 lvl=info msg="Executing migration" logger=migrator id="Rename table alert_rule_tag to alert_rule_tag_v1 - v1"
t=2022-01-07T18:56:38+0900 lvl=info msg="Executing migration" logger=migrator id="Create alert_rule_tag table v2"
t=2022-01-07T18:56:38+0900 lvl=info msg="Executing migration" logger=migrator id="create index UQE_alert_rule_tag_alert_id_tag_id - Add unique index alert_rule_tag.alert_id_tag_id V2"
t=2022-01-07T18:56:38+0900 lvl=info msg="Executing migration" logger=migrator id="copy alert_rule_tag v1 to v2"
t=2022-01-07T18:56:38+0900 lvl=info msg="Executing migration" logger=migrator id="drop table alert_rule_tag_v1"
t=2022-01-07T18:56:38+0900 lvl=info msg="Executing migration" logger=migrator id="create alert_notification table v1"
t=2022-01-07T18:56:38+0900 lvl=info msg="Executing migration" logger=migrator id="Add column is_default"
t=2022-01-07T18:56:38+0900 lvl=info msg="Executing migration" logger=migrator id="Add column frequency"
t=2022-01-07T18:56:38+0900 lvl=info msg="Executing migration" logger=migrator id="Add column send_reminder"
t=2022-01-07T18:56:38+0900 lvl=info msg="Executing migration" logger=migrator id="Add column disable_resolve_message"
t=2022-01-07T18:56:38+0900 lvl=info msg="Executing migration" logger=migrator id="add index alert_notification org_id & name"
t=2022-01-07T18:56:38+0900 lvl=info msg="Executing migration" logger=migrator id="Update alert table charset"
t=2022-01-07T18:56:38+0900 lvl=info msg="Executing migration" logger=migrator id="Update alert_notification table charset"
t=2022-01-07T18:56:38+0900 lvl=info msg="Executing migration" logger=migrator id="create notification_journal table v1"
t=2022-01-07T18:56:38+0900 lvl=info msg="Executing migration" logger=migrator id="add index notification_journal org_id & alert_id & notifier_id"
t=2022-01-07T18:56:38+0900 lvl=info msg="Executing migration" logger=migrator id="drop alert_notification_journal"
t=2022-01-07T18:56:38+0900 lvl=info msg="Executing migration" logger=migrator id="create alert_notification_state table v1"
t=2022-01-07T18:56:38+0900 lvl=info msg="Executing migration" logger=migrator id="add index alert_notification_state org_id & alert_id & notifier_id"
t=2022-01-07T18:56:38+0900 lvl=info msg="Executing migration" logger=migrator id="Add for to alert table"
t=2022-01-07T18:56:38+0900 lvl=info msg="Executing migration" logger=migrator id="Add column uid in alert_notification"
t=2022-01-07T18:56:38+0900 lvl=info msg="Executing migration" logger=migrator id="Update uid column values in alert_notification"
t=2022-01-07T18:56:38+0900 lvl=info msg="Executing migration" logger=migrator id="Add unique index alert_notification_org_id_uid"
t=2022-01-07T18:56:38+0900 lvl=info msg="Executing migration" logger=migrator id="Remove unique index org_id_name"
t=2022-01-07T18:56:38+0900 lvl=info msg="Executing migration" logger=migrator id="Add column secure_settings in alert_notification"
t=2022-01-07T18:56:38+0900 lvl=info msg="Executing migration" logger=migrator id="alter alert.settings to mediumtext"
t=2022-01-07T18:56:38+0900 lvl=info msg="Executing migration" logger=migrator id="Add non-unique index alert_notification_state_alert_id"
t=2022-01-07T18:56:38+0900 lvl=info msg="Executing migration" logger=migrator id="Add non-unique index alert_rule_tag_alert_id"
t=2022-01-07T18:56:38+0900 lvl=info msg="Executing migration" logger=migrator id="Drop old annotation table v4"
t=2022-01-07T18:56:38+0900 lvl=info msg="Executing migration" logger=migrator id="create annotation table v5"
t=2022-01-07T18:56:38+0900 lvl=info msg="Executing migration" logger=migrator id="add index annotation 0 v3"
t=2022-01-07T18:56:38+0900 lvl=info msg="Executing migration" logger=migrator id="add index annotation 1 v3"
t=2022-01-07T18:56:38+0900 lvl=info msg="Executing migration" logger=migrator id="add index annotation 2 v3"
t=2022-01-07T18:56:38+0900 lvl=info msg="Executing migration" logger=migrator id="add index annotation 3 v3"
t=2022-01-07T18:56:38+0900 lvl=info msg="Executing migration" logger=migrator id="add index annotation 4 v3"
t=2022-01-07T18:56:38+0900 lvl=info msg="Executing migration" logger=migrator id="Update annotation table charset"
t=2022-01-07T18:56:38+0900 lvl=info msg="Executing migration" logger=migrator id="Add column region_id to annotation table"
t=2022-01-07T18:56:38+0900 lvl=info msg="Executing migration" logger=migrator id="Drop category_id index"
t=2022-01-07T18:56:38+0900 lvl=info msg="Executing migration" logger=migrator id="Add column tags to annotation table"
t=2022-01-07T18:56:38+0900 lvl=info msg="Executing migration" logger=migrator id="Create annotation_tag table v2"
t=2022-01-07T18:56:38+0900 lvl=info msg="Executing migration" logger=migrator id="Add unique index annotation_tag.annotation_id_tag_id"
t=2022-01-07T18:56:38+0900 lvl=info msg="Executing migration" logger=migrator id="drop index UQE_annotation_tag_annotation_id_tag_id - v2"
t=2022-01-07T18:56:38+0900 lvl=info msg="Executing migration" logger=migrator id="Rename table annotation_tag to annotation_tag_v2 - v2"
t=2022-01-07T18:56:38+0900 lvl=info msg="Executing migration" logger=migrator id="Create annotation_tag table v3"
t=2022-01-07T18:56:38+0900 lvl=info msg="Executing migration" logger=migrator id="create index UQE_annotation_tag_annotation_id_tag_id - Add unique index annotation_tag.annotation_id_tag_id V3"
t=2022-01-07T18:56:38+0900 lvl=info msg="Executing migration" logger=migrator id="copy annotation_tag v2 to v3"
t=2022-01-07T18:56:38+0900 lvl=info msg="Executing migration" logger=migrator id="drop table annotation_tag_v2"
t=2022-01-07T18:56:38+0900 lvl=info msg="Executing migration" logger=migrator id="Update alert annotations and set TEXT to empty"
t=2022-01-07T18:56:38+0900 lvl=info msg="Executing migration" logger=migrator id="Add created time to annotation table"
t=2022-01-07T18:56:38+0900 lvl=info msg="Executing migration" logger=migrator id="Add updated time to annotation table"
t=2022-01-07T18:56:38+0900 lvl=info msg="Executing migration" logger=migrator id="Add index for created in annotation table"
t=2022-01-07T18:56:38+0900 lvl=info msg="Executing migration" logger=migrator id="Add index for updated in annotation table"
t=2022-01-07T18:56:38+0900 lvl=info msg="Executing migration" logger=migrator id="Convert existing annotations from seconds to milliseconds"
t=2022-01-07T18:56:38+0900 lvl=info msg="Executing migration" logger=migrator id="Add epoch_end column"
t=2022-01-07T18:56:38+0900 lvl=info msg="Executing migration" logger=migrator id="Add index for epoch_end"
t=2022-01-07T18:56:38+0900 lvl=info msg="Executing migration" logger=migrator id="Make epoch_end the same as epoch"
t=2022-01-07T18:56:38+0900 lvl=info msg="Executing migration" logger=migrator id="Move region to single row"
t=2022-01-07T18:56:38+0900 lvl=info msg="Executing migration" logger=migrator id="Remove index org_id_epoch from annotation table"
t=2022-01-07T18:56:38+0900 lvl=info msg="Executing migration" logger=migrator id="Remove index org_id_dashboard_id_panel_id_epoch from annotation table"
t=2022-01-07T18:56:38+0900 lvl=info msg="Executing migration" logger=migrator id="Add index for org_id_dashboard_id_epoch_end_epoch on annotation table"
t=2022-01-07T18:56:38+0900 lvl=info msg="Executing migration" logger=migrator id="Add index for org_id_epoch_end_epoch on annotation table"
t=2022-01-07T18:56:38+0900 lvl=info msg="Executing migration" logger=migrator id="Remove index org_id_epoch_epoch_end from annotation table"
t=2022-01-07T18:56:38+0900 lvl=info msg="Executing migration" logger=migrator id="Add index for alert_id on annotation table"
t=2022-01-07T18:56:38+0900 lvl=info msg="Executing migration" logger=migrator id="create test_data table"
t=2022-01-07T18:56:38+0900 lvl=info msg="Executing migration" logger=migrator id="create dashboard_version table v1"
t=2022-01-07T18:56:38+0900 lvl=info msg="Executing migration" logger=migrator id="add index dashboard_version.dashboard_id"
t=2022-01-07T18:56:38+0900 lvl=info msg="Executing migration" logger=migrator id="add unique index dashboard_version.dashboard_id and dashboard_version.version"
t=2022-01-07T18:56:38+0900 lvl=info msg="Executing migration" logger=migrator id="Set dashboard version to 1 where 0"
t=2022-01-07T18:56:38+0900 lvl=info msg="Executing migration" logger=migrator id="save existing dashboard data in dashboard_version table v1"
t=2022-01-07T18:56:38+0900 lvl=info msg="Executing migration" logger=migrator id="alter dashboard_version.data to mediumtext v1"
t=2022-01-07T18:56:38+0900 lvl=info msg="Executing migration" logger=migrator id="create team table"
t=2022-01-07T18:56:38+0900 lvl=info msg="Executing migration" logger=migrator id="add index team.org_id"
t=2022-01-07T18:56:38+0900 lvl=info msg="Executing migration" logger=migrator id="add unique index team_org_id_name"
t=2022-01-07T18:56:38+0900 lvl=info msg="Executing migration" logger=migrator id="create team member table"
t=2022-01-07T18:56:38+0900 lvl=info msg="Executing migration" logger=migrator id="add index team_member.org_id"
t=2022-01-07T18:56:38+0900 lvl=info msg="Executing migration" logger=migrator id="add unique index team_member_org_id_team_id_user_id"
t=2022-01-07T18:56:38+0900 lvl=info msg="Executing migration" logger=migrator id="add index team_member.team_id"
t=2022-01-07T18:56:38+0900 lvl=info msg="Executing migration" logger=migrator id="Add column email to team table"
t=2022-01-07T18:56:38+0900 lvl=info msg="Executing migration" logger=migrator id="Add column external to team_member table"
t=2022-01-07T18:56:38+0900 lvl=info msg="Executing migration" logger=migrator id="Add column permission to team_member table"
t=2022-01-07T18:56:38+0900 lvl=info msg="Executing migration" logger=migrator id="create dashboard acl table"
t=2022-01-07T18:56:38+0900 lvl=info msg="Executing migration" logger=migrator id="add index dashboard_acl_dashboard_id"
t=2022-01-07T18:56:38+0900 lvl=info msg="Executing migration" logger=migrator id="add unique index dashboard_acl_dashboard_id_user_id"
t=2022-01-07T18:56:38+0900 lvl=info msg="Executing migration" logger=migrator id="add unique index dashboard_acl_dashboard_id_team_id"
t=2022-01-07T18:56:38+0900 lvl=info msg="Executing migration" logger=migrator id="add index dashboard_acl_user_id"
t=2022-01-07T18:56:38+0900 lvl=info msg="Executing migration" logger=migrator id="add index dashboard_acl_team_id"
t=2022-01-07T18:56:38+0900 lvl=info msg="Executing migration" logger=migrator id="add index dashboard_acl_org_id_role"
t=2022-01-07T18:56:38+0900 lvl=info msg="Executing migration" logger=migrator id="add index dashboard_permission"
t=2022-01-07T18:56:38+0900 lvl=info msg="Executing migration" logger=migrator id="save default acl rules in dashboard_acl table"
t=2022-01-07T18:56:38+0900 lvl=info msg="Executing migration" logger=migrator id="delete acl rules for deleted dashboards and folders"
t=2022-01-07T18:56:38+0900 lvl=info msg="Executing migration" logger=migrator id="create tag table"
t=2022-01-07T18:56:38+0900 lvl=info msg="Executing migration" logger=migrator id="add index tag.key_value"
t=2022-01-07T18:56:38+0900 lvl=info msg="Executing migration" logger=migrator id="create login attempt table"
t=2022-01-07T18:56:38+0900 lvl=info msg="Executing migration" logger=migrator id="add index login_attempt.username"
t=2022-01-07T18:56:38+0900 lvl=info msg="Executing migration" logger=migrator id="drop index IDX_login_attempt_username - v1"
t=2022-01-07T18:56:38+0900 lvl=info msg="Executing migration" logger=migrator id="Rename table login_attempt to login_attempt_tmp_qwerty - v1"
t=2022-01-07T18:56:38+0900 lvl=info msg="Executing migration" logger=migrator id="create login_attempt v2"
t=2022-01-07T18:56:38+0900 lvl=info msg="Executing migration" logger=migrator id="create index IDX_login_attempt_username - v2"
t=2022-01-07T18:56:38+0900 lvl=info msg="Executing migration" logger=migrator id="copy login_attempt v1 to v2"
t=2022-01-07T18:56:38+0900 lvl=info msg="Executing migration" logger=migrator id="drop login_attempt_tmp_qwerty"
t=2022-01-07T18:56:38+0900 lvl=info msg="Executing migration" logger=migrator id="create user auth table"
t=2022-01-07T18:56:38+0900 lvl=info msg="Executing migration" logger=migrator id="create index IDX_user_auth_auth_module_auth_id - v1"
t=2022-01-07T18:56:38+0900 lvl=info msg="Executing migration" logger=migrator id="alter user_auth.auth_id to length 190"
t=2022-01-07T18:56:38+0900 lvl=info msg="Executing migration" logger=migrator id="Add OAuth access token to user_auth"
t=2022-01-07T18:56:38+0900 lvl=info msg="Executing migration" logger=migrator id="Add OAuth refresh token to user_auth"
t=2022-01-07T18:56:38+0900 lvl=info msg="Executing migration" logger=migrator id="Add OAuth token type to user_auth"
t=2022-01-07T18:56:38+0900 lvl=info msg="Executing migration" logger=migrator id="Add OAuth expiry to user_auth"
t=2022-01-07T18:56:38+0900 lvl=info msg="Executing migration" logger=migrator id="Add index to user_id column in user_auth"
t=2022-01-07T18:56:38+0900 lvl=info msg="Executing migration" logger=migrator id="create server_lock table"
t=2022-01-07T18:56:38+0900 lvl=info msg="Executing migration" logger=migrator id="add index server_lock.operation_uid"
t=2022-01-07T18:56:38+0900 lvl=info msg="Executing migration" logger=migrator id="create user auth token table"
t=2022-01-07T18:56:38+0900 lvl=info msg="Executing migration" logger=migrator id="add unique index user_auth_token.auth_token"
t=2022-01-07T18:56:38+0900 lvl=info msg="Executing migration" logger=migrator id="add unique index user_auth_token.prev_auth_token"
t=2022-01-07T18:56:38+0900 lvl=info msg="Executing migration" logger=migrator id="add index user_auth_token.user_id"
t=2022-01-07T18:56:38+0900 lvl=info msg="Executing migration" logger=migrator id="Add revoked_at to the user auth token"
t=2022-01-07T18:56:38+0900 lvl=info msg="Executing migration" logger=migrator id="create cache_data table"
t=2022-01-07T18:56:38+0900 lvl=info msg="Executing migration" logger=migrator id="add unique index cache_data.cache_key"
t=2022-01-07T18:56:38+0900 lvl=info msg="Executing migration" logger=migrator id="create short_url table v1"
t=2022-01-07T18:56:38+0900 lvl=info msg="Executing migration" logger=migrator id="add index short_url.org_id-uid"
t=2022-01-07T18:56:38+0900 lvl=info msg="Executing migration" logger=migrator id="delete alert_definition table"
t=2022-01-07T18:56:38+0900 lvl=info msg="Executing migration" logger=migrator id="recreate alert_definition table"
t=2022-01-07T18:56:38+0900 lvl=info msg="Executing migration" logger=migrator id="add index in alert_definition on org_id and title columns"
t=2022-01-07T18:56:38+0900 lvl=info msg="Executing migration" logger=migrator id="add index in alert_definition on org_id and uid columns"
t=2022-01-07T18:56:38+0900 lvl=info msg="Executing migration" logger=migrator id="alter alert_definition table data column to mediumtext in mysql"
t=2022-01-07T18:56:38+0900 lvl=info msg="Executing migration" logger=migrator id="drop index in alert_definition on org_id and title columns"
t=2022-01-07T18:56:38+0900 lvl=info msg="Executing migration" logger=migrator id="drop index in alert_definition on org_id and uid columns"
t=2022-01-07T18:56:38+0900 lvl=info msg="Executing migration" logger=migrator id="add unique index in alert_definition on org_id and title columns"
t=2022-01-07T18:56:38+0900 lvl=info msg="Executing migration" logger=migrator id="add unique index in alert_definition on org_id and uid columns"
t=2022-01-07T18:56:38+0900 lvl=info msg="Executing migration" logger=migrator id="Add column paused in alert_definition"
t=2022-01-07T18:56:38+0900 lvl=info msg="Executing migration" logger=migrator id="drop alert_definition table"
t=2022-01-07T18:56:38+0900 lvl=info msg="Executing migration" logger=migrator id="delete alert_definition_version table"
t=2022-01-07T18:56:38+0900 lvl=info msg="Executing migration" logger=migrator id="recreate alert_definition_version table"
t=2022-01-07T18:56:38+0900 lvl=info msg="Executing migration" logger=migrator id="add index in alert_definition_version table on alert_definition_id and version columns"
t=2022-01-07T18:56:38+0900 lvl=info msg="Executing migration" logger=migrator id="add index in alert_definition_version table on alert_definition_uid and version columns"
t=2022-01-07T18:56:38+0900 lvl=info msg="Executing migration" logger=migrator id="alter alert_definition_version table data column to mediumtext in mysql"
t=2022-01-07T18:56:38+0900 lvl=info msg="Executing migration" logger=migrator id="drop alert_definition_version table"
t=2022-01-07T18:56:38+0900 lvl=info msg="Executing migration" logger=migrator id="create alert_instance table"
t=2022-01-07T18:56:38+0900 lvl=info msg="Executing migration" logger=migrator id="add index in alert_instance table on def_org_id, def_uid and current_state columns"
t=2022-01-07T18:56:38+0900 lvl=info msg="Executing migration" logger=migrator id="add index in alert_instance table on def_org_id, current_state columns"
t=2022-01-07T18:56:38+0900 lvl=info msg="Executing migration" logger=migrator id="add column current_state_end to alert_instance"
t=2022-01-07T18:56:38+0900 lvl=info msg="Executing migration" logger=migrator id="remove index def_org_id, def_uid, current_state on alert_instance"
t=2022-01-07T18:56:38+0900 lvl=info msg="Executing migration" logger=migrator id="remove index def_org_id, current_state on alert_instance"
t=2022-01-07T18:56:38+0900 lvl=info msg="Executing migration" logger=migrator id="rename def_org_id to rule_org_id in alert_instance"
t=2022-01-07T18:56:38+0900 lvl=info msg="Executing migration" logger=migrator id="rename def_uid to rule_uid in alert_instance"
t=2022-01-07T18:56:38+0900 lvl=info msg="Executing migration" logger=migrator id="add index rule_org_id, rule_uid, current_state on alert_instance"
t=2022-01-07T18:56:38+0900 lvl=info msg="Executing migration" logger=migrator id="add index rule_org_id, current_state on alert_instance"
t=2022-01-07T18:56:38+0900 lvl=info msg="Executing migration" logger=migrator id="create alert_rule table"
t=2022-01-07T18:56:38+0900 lvl=info msg="Executing migration" logger=migrator id="add index in alert_rule on org_id and title columns"
t=2022-01-07T18:56:38+0900 lvl=info msg="Executing migration" logger=migrator id="add index in alert_rule on org_id and uid columns"
t=2022-01-07T18:56:38+0900 lvl=info msg="Executing migration" logger=migrator id="add index in alert_rule on org_id, namespace_uid, group_uid columns"
t=2022-01-07T18:56:38+0900 lvl=info msg="Executing migration" logger=migrator id="alter alert_rule table data column to mediumtext in mysql"
t=2022-01-07T18:56:38+0900 lvl=info msg="Executing migration" logger=migrator id="add column for to alert_rule"
t=2022-01-07T18:56:38+0900 lvl=info msg="Executing migration" logger=migrator id="add column annotations to alert_rule"
t=2022-01-07T18:56:38+0900 lvl=info msg="Executing migration" logger=migrator id="add column labels to alert_rule"
t=2022-01-07T18:56:38+0900 lvl=info msg="Executing migration" logger=migrator id="remove unique index from alert_rule on org_id, title columns"
t=2022-01-07T18:56:38+0900 lvl=info msg="Executing migration" logger=migrator id="add index in alert_rule on org_id, namespase_uid and title columns"
t=2022-01-07T18:56:38+0900 lvl=info msg="Executing migration" logger=migrator id="add dashboard_uid column to alert_rule"
t=2022-01-07T18:56:38+0900 lvl=info msg="Executing migration" logger=migrator id="add panel_id column to alert_rule"
t=2022-01-07T18:56:38+0900 lvl=info msg="Executing migration" logger=migrator id="add index in alert_rule on org_id, dashboard_uid and panel_id columns"
t=2022-01-07T18:56:38+0900 lvl=info msg="Executing migration" logger=migrator id="create alert_rule_version table"
t=2022-01-07T18:56:38+0900 lvl=info msg="Executing migration" logger=migrator id="add index in alert_rule_version table on rule_org_id, rule_uid and version columns"
t=2022-01-07T18:56:38+0900 lvl=info msg="Executing migration" logger=migrator id="add index in alert_rule_version table on rule_org_id, rule_namespace_uid and rule_group columns"
t=2022-01-07T18:56:38+0900 lvl=info msg="Executing migration" logger=migrator id="alter alert_rule_version table data column to mediumtext in mysql"
t=2022-01-07T18:56:38+0900 lvl=info msg="Executing migration" logger=migrator id="add column for to alert_rule_version"
t=2022-01-07T18:56:38+0900 lvl=info msg="Executing migration" logger=migrator id="add column annotations to alert_rule_version"
t=2022-01-07T18:56:38+0900 lvl=info msg="Executing migration" logger=migrator id="add column labels to alert_rule_version"
t=2022-01-07T18:56:38+0900 lvl=info msg="Executing migration" logger=migrator id=create_alert_configuration_table
t=2022-01-07T18:56:38+0900 lvl=info msg="Executing migration" logger=migrator id="Add column default in alert_configuration"
t=2022-01-07T18:56:38+0900 lvl=info msg="Executing migration" logger=migrator id="alert alert_configuration alertmanager_configuration column from TEXT to MEDIUMTEXT if mysql"
t=2022-01-07T18:56:38+0900 lvl=info msg="Executing migration" logger=migrator id="add column org_id in alert_configuration"
t=2022-01-07T18:56:38+0900 lvl=info msg="Executing migration" logger=migrator id="add index in alert_configuration table on org_id column"
t=2022-01-07T18:56:38+0900 lvl=info msg="Executing migration" logger=migrator id=create_ngalert_configuration_table
t=2022-01-07T18:56:38+0900 lvl=info msg="Executing migration" logger=migrator id="add index in ngalert_configuration on org_id column"
t=2022-01-07T18:56:38+0900 lvl=info msg="Executing migration" logger=migrator id="create library_element table v1"
t=2022-01-07T18:56:38+0900 lvl=info msg="Executing migration" logger=migrator id="add index library_element org_id-folder_id-name-kind"
t=2022-01-07T18:56:38+0900 lvl=info msg="Executing migration" logger=migrator id="create library_element_connection table v1"
t=2022-01-07T18:56:38+0900 lvl=info msg="Executing migration" logger=migrator id="add index library_element_connection element_id-kind-connection_id"
t=2022-01-07T18:56:38+0900 lvl=info msg="Executing migration" logger=migrator id="add unique index library_element org_id_uid"
t=2022-01-07T18:56:38+0900 lvl=info msg="Executing migration" logger=migrator id="create data_keys table"
t=2022-01-07T18:56:38+0900 lvl=info msg="Executing migration" logger=migrator id="create kv_store table v1"
t=2022-01-07T18:56:38+0900 lvl=info msg="Executing migration" logger=migrator id="add index kv_store.org_id-namespace-key"
t=2022-01-07T18:56:38+0900 lvl=info msg="Executing migration" logger=migrator id="create permission table"
t=2022-01-07T18:56:38+0900 lvl=info msg="Executing migration" logger=migrator id="add unique index permission.role_id"
t=2022-01-07T18:56:38+0900 lvl=info msg="Executing migration" logger=migrator id="add unique index role_id_action_scope"
t=2022-01-07T18:56:38+0900 lvl=info msg="Executing migration" logger=migrator id="create role table"
t=2022-01-07T18:56:38+0900 lvl=info msg="Executing migration" logger=migrator id="add column display_name"
t=2022-01-07T18:56:38+0900 lvl=info msg="Executing migration" logger=migrator id="add column group_name"
t=2022-01-07T18:56:38+0900 lvl=info msg="Executing migration" logger=migrator id="add index role.org_id"
t=2022-01-07T18:56:38+0900 lvl=info msg="Executing migration" logger=migrator id="add unique index role_org_id_name"
t=2022-01-07T18:56:38+0900 lvl=info msg="Executing migration" logger=migrator id="add index role_org_id_uid"
t=2022-01-07T18:56:38+0900 lvl=info msg="Executing migration" logger=migrator id="create team role table"
t=2022-01-07T18:56:38+0900 lvl=info msg="Executing migration" logger=migrator id="add index team_role.org_id"
t=2022-01-07T18:56:38+0900 lvl=info msg="Executing migration" logger=migrator id="add unique index team_role_org_id_team_id_role_id"
t=2022-01-07T18:56:38+0900 lvl=info msg="Executing migration" logger=migrator id="add index team_role.team_id"
t=2022-01-07T18:56:38+0900 lvl=info msg="Executing migration" logger=migrator id="create user role table"
t=2022-01-07T18:56:38+0900 lvl=info msg="Executing migration" logger=migrator id="add index user_role.org_id"
t=2022-01-07T18:56:38+0900 lvl=info msg="Executing migration" logger=migrator id="add unique index user_role_org_id_user_id_role_id"
t=2022-01-07T18:56:38+0900 lvl=info msg="Executing migration" logger=migrator id="add index user_role.user_id"
t=2022-01-07T18:56:38+0900 lvl=info msg="Executing migration" logger=migrator id="create builtin role table"
t=2022-01-07T18:56:38+0900 lvl=info msg="Executing migration" logger=migrator id="add index builtin_role.role_id"
t=2022-01-07T18:56:38+0900 lvl=info msg="Executing migration" logger=migrator id="add index builtin_role.name"
t=2022-01-07T18:56:38+0900 lvl=info msg="Executing migration" logger=migrator id="Add column org_id to builtin_role table"
t=2022-01-07T18:56:38+0900 lvl=info msg="Executing migration" logger=migrator id="add index builtin_role.org_id"
t=2022-01-07T18:56:38+0900 lvl=info msg="Executing migration" logger=migrator id="add unique index builtin_role_org_id_role_id_role"
t=2022-01-07T18:56:38+0900 lvl=info msg="Executing migration" logger=migrator id="Remove unique index role_org_id_uid"
t=2022-01-07T18:56:38+0900 lvl=info msg="Executing migration" logger=migrator id="add unique index role.uid"
t=2022-01-07T18:56:38+0900 lvl=info msg="Executing migration" logger=migrator id="create seed assignment table"
t=2022-01-07T18:56:38+0900 lvl=info msg="Executing migration" logger=migrator id="add unique index builtin_role_role_name"
t=2022-01-07T18:56:38+0900 lvl=info msg="Executing migration" logger=migrator id="create data_source_usage_by_day table"
t=2022-01-07T18:56:38+0900 lvl=info msg="Executing migration" logger=migrator id="create data_source_usage_by_day(data_source_id) index"
t=2022-01-07T18:56:38+0900 lvl=info msg="Executing migration" logger=migrator id="create data_source_usage_by_day(data_source_id, day) unique index"
t=2022-01-07T18:56:38+0900 lvl=info msg="Executing migration" logger=migrator id="create dashboard_usage_by_day table"
t=2022-01-07T18:56:38+0900 lvl=info msg="Executing migration" logger=migrator id="create dashboard_usage_sums table"
t=2022-01-07T18:56:39+0900 lvl=info msg="Executing migration" logger=migrator id="create dashboard_usage_by_day(dashboard_id) index"
t=2022-01-07T18:56:39+0900 lvl=info msg="Executing migration" logger=migrator id="create dashboard_usage_by_day(dashboard_id, day) index"
t=2022-01-07T18:56:39+0900 lvl=info msg="Executing migration" logger=migrator id="add column errors_last_1_days to dashboard_usage_sums"
t=2022-01-07T18:56:39+0900 lvl=info msg="Executing migration" logger=migrator id="add column errors_last_7_days to dashboard_usage_sums"
t=2022-01-07T18:56:39+0900 lvl=info msg="Executing migration" logger=migrator id="add column errors_last_30_days to dashboard_usage_sums"
t=2022-01-07T18:56:39+0900 lvl=info msg="Executing migration" logger=migrator id="add column errors_total to dashboard_usage_sums"
t=2022-01-07T18:56:39+0900 lvl=info msg="Executing migration" logger=migrator id="create user_dashboard_views table"
t=2022-01-07T18:56:39+0900 lvl=info msg="Executing migration" logger=migrator id="add index user_dashboard_views.user_id"
t=2022-01-07T18:56:39+0900 lvl=info msg="Executing migration" logger=migrator id="add index user_dashboard_views.dashboard_id"
t=2022-01-07T18:56:39+0900 lvl=info msg="Executing migration" logger=migrator id="add unique index user_dashboard_views_user_id_dashboard_id"
t=2022-01-07T18:56:39+0900 lvl=info msg="Executing migration" logger=migrator id="create user_stats table"
t=2022-01-07T18:56:39+0900 lvl=info msg="Executing migration" logger=migrator id="add unique index user_stats(user_id)"
t=2022-01-07T18:56:39+0900 lvl=info msg="Executing migration" logger=migrator id="create data_source_cache table"
t=2022-01-07T18:56:39+0900 lvl=info msg="Executing migration" logger=migrator id="add index data_source_cache.data_source_id"
t=2022-01-07T18:56:39+0900 lvl=info msg="Executing migration" logger=migrator id="add use_default_ttl column"
t=2022-01-07T18:56:39+0900 lvl=info msg="Executing migration" logger=migrator id="add data_source_cache.data_source_uid column"
t=2022-01-07T18:56:39+0900 lvl=info msg="Executing migration" logger=migrator id="remove abandoned data_source_cache records"
t=2022-01-07T18:56:39+0900 lvl=info msg="Executing migration" logger=migrator id="update data_source_cache.data_source_uid value"
t=2022-01-07T18:56:39+0900 lvl=info msg="Executing migration" logger=migrator id="add index data_source_cache.data_source_uid"
t=2022-01-07T18:56:39+0900 lvl=info msg="Executing migration" logger=migrator id="create data_source_acl table"
t=2022-01-07T18:56:39+0900 lvl=info msg="Executing migration" logger=migrator id="add index data_source_acl.data_source_id"
t=2022-01-07T18:56:39+0900 lvl=info msg="Executing migration" logger=migrator id="add unique index datasource_acl.unique"
t=2022-01-07T18:56:39+0900 lvl=info msg="Executing migration" logger=migrator id="create license_token table"
t=2022-01-07T18:56:39+0900 lvl=info msg="Executing migration" logger=migrator id="create report config table v1"
t=2022-01-07T18:56:39+0900 lvl=info msg="Executing migration" logger=migrator id="Add index report.user_id"
t=2022-01-07T18:56:39+0900 lvl=info msg="Executing migration" logger=migrator id="add index to dashboard_id"
t=2022-01-07T18:56:39+0900 lvl=info msg="Executing migration" logger=migrator id="add index to org_id"
t=2022-01-07T18:56:39+0900 lvl=info msg="Executing migration" logger=migrator id="Add timezone to the report"
t=2022-01-07T18:56:39+0900 lvl=info msg="Executing migration" logger=migrator id="Add time_from to the report"
t=2022-01-07T18:56:39+0900 lvl=info msg="Executing migration" logger=migrator id="Add time_to to the report"
t=2022-01-07T18:56:39+0900 lvl=info msg="Executing migration" logger=migrator id="Add PDF landscape option to the report"
t=2022-01-07T18:56:39+0900 lvl=info msg="Executing migration" logger=migrator id="Add monthly day scheduling option to the report"
t=2022-01-07T18:56:39+0900 lvl=info msg="Executing migration" logger=migrator id="Add PDF layout option to the report"
t=2022-01-07T18:56:39+0900 lvl=info msg="Executing migration" logger=migrator id="Add PDF orientation option to the report"
t=2022-01-07T18:56:39+0900 lvl=info msg="Executing migration" logger=migrator id="Update report pdf_orientation from pdf_landscape"
t=2022-01-07T18:56:39+0900 lvl=info msg="Executing migration" logger=migrator id="create report settings table"
t=2022-01-07T18:56:39+0900 lvl=info msg="Executing migration" logger=migrator id="Add dashboard_uid field to the report"
t=2022-01-07T18:56:39+0900 lvl=info msg="Executing migration" logger=migrator id="Add template_vars field to the report"
t=2022-01-07T18:56:39+0900 lvl=info msg="Executing migration" logger=migrator id="Add option to include dashboard url in the report"
t=2022-01-07T18:56:39+0900 lvl=info msg="Executing migration" logger=migrator id="Add state field to the report"
t=2022-01-07T18:56:39+0900 lvl=info msg="Executing migration" logger=migrator id="Add option to add CSV files to the report"
t=2022-01-07T18:56:39+0900 lvl=info msg="Executing migration" logger=migrator id="Add scheduling start date"
t=2022-01-07T18:56:39+0900 lvl=info msg="Executing migration" logger=migrator id="Add missing schedule_start date for old reports"
t=2022-01-07T18:56:39+0900 lvl=info msg="Executing migration" logger=migrator id="Add scheduling end date"
t=2022-01-07T18:56:39+0900 lvl=info msg="Executing migration" logger=migrator id="Add schedulinng custom interval frequency"
t=2022-01-07T18:56:39+0900 lvl=info msg="Executing migration" logger=migrator id="Add scheduling custom interval amount"
t=2022-01-07T18:56:39+0900 lvl=info msg="Executing migration" logger=migrator id="Add workdays only flag to report"
t=2022-01-07T18:56:39+0900 lvl=info msg="Executing migration" logger=migrator id="create team group table"
t=2022-01-07T18:56:39+0900 lvl=info msg="Executing migration" logger=migrator id="add index team_group.org_id"
t=2022-01-07T18:56:39+0900 lvl=info msg="Executing migration" logger=migrator id="add unique index team_group.org_id_team_id_group_id"
t=2022-01-07T18:56:39+0900 lvl=info msg="Executing migration" logger=migrator id="add index team_group.group_id"
t=2022-01-07T18:56:39+0900 lvl=info msg="Executing migration" logger=migrator id="create settings table"
t=2022-01-07T18:56:39+0900 lvl=info msg="Executing migration" logger=migrator id="add unique index settings.section_key"
t=2022-01-07T18:56:39+0900 lvl=info msg="Executing migration" logger=migrator id="migrate role names"
t=2022-01-07T18:56:39+0900 lvl=info msg="Executing migration" logger=migrator id="rename orgs roles"
t=2022-01-07T18:56:39+0900 lvl=info msg="Executing migration" logger=migrator id="remove duplicated org role"
t=2022-01-07T18:56:39+0900 lvl=info msg="migrations completed" logger=migrator performed=438 skipped=0 duration=476.405027ms
t=2022-01-07T18:56:39+0900 lvl=info msg="Created default admin" logger=sqlstore user=admin
t=2022-01-07T18:56:39+0900 lvl=info msg="Created default organization" logger=sqlstore
t=2022-01-07T18:56:39+0900 lvl=info msg="Validated license token" logger=licensing appURL=http://localhost:3000/ source=disk status=NotFound
t=2022-01-07T18:56:39+0900 lvl=info msg="Initialising plugins" logger=plugin.manager
t=2022-01-07T18:56:39+0900 lvl=info msg="Plugin registered" logger=plugin.manager pluginId=input
t=2022-01-07T18:56:39+0900 lvl=info msg="Live Push Gateway initialization" logger=live.push_http
t=2022-01-07T18:56:39+0900 lvl=warn msg="Scheduling and sending of reports disabled, SMTP is not configured and enabled. Configure SMTP to enable." logger=report
t=2022-01-07T18:56:39+0900 lvl=info msg="HTTP Server Listen" logger=http.server address=[::]:3000 protocol=http subUrl= socket=
t=2022-01-07T18:57:33+0900 lvl=info msg="Request Completed" logger=context userId=0 orgId=0 uname= method=GET path=/ status=302 remote_addr=[::1] time_ms=3 size=29 referer=
t=2022-01-07T18:57:48+0900 lvl=info msg="Successful Login" logger=http.server User=admin@localhost
t=2022-01-07T18:58:03+0900 lvl=info msg="Request Completed" logger=context userId=1 orgId=1 uname=admin method=POST path=/api/user/password/reset status=400 remote_addr=[::1] time_ms=6 size=52 referer=http://localhost:3000/login
t=2022-01-07T18:58:04+0900 lvl=info msg="Request Completed" logger=context userId=1 orgId=1 uname=admin method=GET path=/api/live/ws status=0 remote_addr=[::1] time_ms=1 size=0 referer=
t=2022-01-07T19:56:34+0900 lvl=info msg="Validated license token" logger=licensing appURL=http://localhost:3000/ source=disk status=NotFound
t=2022-01-07T19:56:34+0900 lvl=warn msg="failed to load or validate token" logger=licensing.renewal err="license token file not found: /Users/bigpenguin/project/Inflearn-Spring-Cloud-MSA/grafana-8.3.3/data/license.jwt"
t=2022-01-07T20:56:39+0900 lvl=info msg="Validated license token" logger=licensing appURL=http://localhost:3000/ source=disk status=NotFound
t=2022-01-07T20:56:39+0900 lvl=warn msg="failed to load or validate token" logger=licensing.renewal err="license token file not found: /Users/bigpenguin/project/Inflearn-Spring-Cloud-MSA/grafana-8.3.3/data/license.jwt"
t=2022-01-07T21:56:39+0900 lvl=info msg="Validated license token" logger=licensing appURL=http://localhost:3000/ source=disk status=NotFound
t=2022-01-07T21:56:39+0900 lvl=warn msg="failed to load or validate token" logger=licensing.renewal err="license token file not found: /Users/bigpenguin/project/Inflearn-Spring-Cloud-MSA/grafana-8.3.3/data/license.jwt"
t=2022-01-07T22:56:38+0900 lvl=info msg="Validated license token" logger=licensing appURL=http://localhost:3000/ source=disk status=NotFound
t=2022-01-07T22:56:38+0900 lvl=warn msg="failed to load or validate token" logger=licensing.renewal err="license token file not found: /Users/bigpenguin/project/Inflearn-Spring-Cloud-MSA/grafana-8.3.3/data/license.jwt"
t=2022-01-07T23:02:01+0900 lvl=info msg="Shutdown started" logger=server reason="System signal: interrupt"
